<html>
<head>
<title>TestNG:  Command line test</title>
<link href="../testng.css" rel="stylesheet" type="text/css" />
<link href="../my-testng.css" rel="stylesheet" type="text/css" />

<style type="text/css">
.log { display: none;} 
.stack-trace { display: none;} 
</style>
<script type="text/javascript">
<!--
function flip(e) {
  current = e.style.display;
  if (current == 'block') {
    e.style.display = 'none';
    return 0;
  }
  else {
    e.style.display = 'block';
    return 1;
  }
}

function toggleBox(szDivId, elem, msg1, msg2)
{
  var res = -1;  if (document.getElementById) {
    res = flip(document.getElementById(szDivId));
  }
  else if (document.all) {
    // this is the way old msie versions work
    res = flip(document.all[szDivId]);
  }
  if(elem) {
    if(res == 0) elem.innerHTML = msg1; else elem.innerHTML = msg2;
  }

}

function toggleAllBoxes() {
  if (document.getElementsByTagName) {
    d = document.getElementsByTagName('div');
    for (i = 0; i < d.length; i++) {
      if (d[i].className == 'log') {
        flip(d[i]);
      }
    }
  }
}

// -->
</script>

</head>
<body>
<h2 align='center'>Command line test</h2><table border='1' align="center">
<tr>
<td>Tests passed/Failed/Skipped:</td><td>96/0/0</td>
</tr><tr>
<td>Started on:</td><td>Thu Mar 28 14:02:59 EDT 2013</td>
</tr>
<tr><td>Total time:</td><td>0 seconds (527 ms)</td>
</tr><tr>
<td>Included groups:</td><td></td>
</tr><tr>
<td>Excluded groups:</td><td></td>
</tr>
</table><p/>
<small><i>(Hover the method name to see the test class name)</i></small><p/>
<table width='100%' border='1' class='invocation-passed'>
<tr><td colspan='4' align='center'><b>PASSED TESTS</b></td></tr>
<tr><td><b>Test method</b></td>
<td width="30%"><b>Exception</b></td>
<td width="10%"><b>Time (seconds)</b></td>
<td><b>Instance</b></td>
</tr>
<tr>
<td title='io.d8a.conjure.ConjureTemplateTest.allowsCustomSampleNodes()'><b>allowsCustomSampleNodes</b><br>Test class: io.d8a.conjure.ConjureTemplateTest</td>
<td></td>
<td>0</td>
<td>io.d8a.conjure.ConjureTemplateTest@39385660</td></tr>
<tr>
<td title='io.d8a.conjure.DateNodeTypeTest.allowsDateJitter()'><b>allowsDateJitter</b><br>Test class: io.d8a.conjure.DateNodeTypeTest</td>
<td></td>
<td>0</td>
<td>io.d8a.conjure.DateNodeTypeTest@21aed5f9</td></tr>
<tr>
<td title='io.d8a.conjure.ConjureTemplateTest.allowsDirectParseOfNodes()'><b>allowsDirectParseOfNodes</b><br>Test class: io.d8a.conjure.ConjureTemplateTest</td>
<td></td>
<td>0</td>
<td>io.d8a.conjure.ConjureTemplateTest@39385660</td></tr>
<tr>
<td title='io.d8a.conjure.DateNodeTypeTest.allowsFormat()'><b>allowsFormat</b><br>Test class: io.d8a.conjure.DateNodeTypeTest</td>
<td></td>
<td>0</td>
<td>io.d8a.conjure.DateNodeTypeTest@21aed5f9</td></tr>
<tr>
<td title='io.d8a.conjure.ConjureTemplateTest.allowsMultipleTemplateReferences()'><b>allowsMultipleTemplateReferences</b><br>Test class: io.d8a.conjure.ConjureTemplateTest</td>
<td></td>
<td>0</td>
<td>io.d8a.conjure.ConjureTemplateTest@39385660</td></tr>
<tr>
<td title='io.d8a.conjure.MinMaxNodeTypeTest.allowsNegativeForMax()'><b>allowsNegativeForMax</b><br>Test class: io.d8a.conjure.MinMaxNodeTypeTest</td>
<td></td>
<td>0</td>
<td>io.d8a.conjure.MinMaxNodeTypeTest@5d61dfb5</td></tr>
<tr>
<td title='io.d8a.conjure.MinMaxNodeTypeTest.allowsNegativeForMin()'><b>allowsNegativeForMin</b><br>Test class: io.d8a.conjure.MinMaxNodeTypeTest</td>
<td></td>
<td>0</td>
<td>io.d8a.conjure.MinMaxNodeTypeTest@5d61dfb5</td></tr>
<tr>
<td title='io.d8a.conjure.DateNodeTypeTest.allowsNegativeHighJitter()'><b>allowsNegativeHighJitter</b><br>Test class: io.d8a.conjure.DateNodeTypeTest</td>
<td></td>
<td>0</td>
<td>io.d8a.conjure.DateNodeTypeTest@21aed5f9</td></tr>
<tr>
<td title='io.d8a.conjure.DateNodeTypeTest.allowsNegativeLowJitter()'><b>allowsNegativeLowJitter</b><br>Test class: io.d8a.conjure.DateNodeTypeTest</td>
<td></td>
<td>0</td>
<td>io.d8a.conjure.DateNodeTypeTest@21aed5f9</td></tr>
<tr>
<td title='io.d8a.conjure.ConjureTemplateTest.allowsRegisteredNodeTemplateTypes()'><b>allowsRegisteredNodeTemplateTypes</b><br>Test class: io.d8a.conjure.ConjureTemplateTest</td>
<td></td>
<td>0</td>
<td>io.d8a.conjure.ConjureTemplateTest@39385660</td></tr>
<tr>
<td title='io.d8a.conjure.ConjureTemplateTest.allowsRegisteringNodeTypesByClassName()'><b>allowsRegisteringNodeTypesByClassName</b><br>Test class: io.d8a.conjure.ConjureTemplateTest</td>
<td></td>
<td>0</td>
<td>io.d8a.conjure.ConjureTemplateTest@39385660</td></tr>
<tr>
<td title='io.d8a.conjure.ConjureTemplateTest.allowsTemplatesToReferenceOthers()'><b>allowsTemplatesToReferenceOthers</b><br>Test class: io.d8a.conjure.ConjureTemplateTest</td>
<td></td>
<td>0</td>
<td>io.d8a.conjure.ConjureTemplateTest@39385660</td></tr>
<tr>
<td title='io.d8a.conjure.DateNodeTypeTest.allowsTimezone()'><b>allowsTimezone</b><br>Test class: io.d8a.conjure.DateNodeTypeTest</td>
<td></td>
<td>0</td>
<td>io.d8a.conjure.DateNodeTypeTest@21aed5f9</td></tr>
<tr>
<td title='io.d8a.conjure.CombineNodeListTest.appendsAllNodesInSingleGenerate()'><b>appendsAllNodesInSingleGenerate</b><br>Test class: io.d8a.conjure.CombineNodeListTest</td>
<td></td>
<td>0</td>
<td>io.d8a.conjure.CombineNodeListTest@4102799c</td></tr>
<tr>
<td title='io.d8a.conjure.MinMaxNodeTypeTest.canBeCreatedFromFactoryMethod()'><b>canBeCreatedFromFactoryMethod</b><br>Test class: io.d8a.conjure.MinMaxNodeTypeTest</td>
<td></td>
<td>0</td>
<td>io.d8a.conjure.MinMaxNodeTypeTest@5d61dfb5</td></tr>
<tr>
<td title='io.d8a.conjure.ChooseInOrderNodeListTest.canBeReferencedInSampleGenerator()'><b>canBeReferencedInSampleGenerator</b><br>Test class: io.d8a.conjure.ChooseInOrderNodeListTest</td>
<td></td>
<td>0</td>
<td>io.d8a.conjure.ChooseInOrderNodeListTest@ac44b88</td></tr>
<tr>
<td title='io.d8a.conjure.ChooseRandomNodeListTest.canBeReferencedInSampleGenerator()'><b>canBeReferencedInSampleGenerator</b><br>Test class: io.d8a.conjure.ChooseRandomNodeListTest</td>
<td></td>
<td>0</td>
<td>io.d8a.conjure.ChooseRandomNodeListTest@5d3ad33d</td></tr>
<tr>
<td title='io.d8a.conjure.ChooseByWeightNodeListTest.canBeRegisteredAsType()'><b>canBeRegisteredAsType</b><br>Test class: io.d8a.conjure.ChooseByWeightNodeListTest</td>
<td></td>
<td>0</td>
<td>io.d8a.conjure.ChooseByWeightNodeListTest@379e8f17</td></tr>
<tr>
<td title='io.d8a.conjure.ChooseInOrderNodeListTest.canBeRegisteredAsType()'><b>canBeRegisteredAsType</b><br>Test class: io.d8a.conjure.ChooseInOrderNodeListTest</td>
<td></td>
<td>0</td>
<td>io.d8a.conjure.ChooseInOrderNodeListTest@ac44b88</td></tr>
<tr>
<td title='io.d8a.conjure.ChooseRandomNodeListTest.canBeRegisteredAsType()'><b>canBeRegisteredAsType</b><br>Test class: io.d8a.conjure.ChooseRandomNodeListTest</td>
<td></td>
<td>0</td>
<td>io.d8a.conjure.ChooseRandomNodeListTest@5d3ad33d</td></tr>
<tr>
<td title='io.d8a.conjure.CombineNodeListTest.canBeRegisteredAsType()'><b>canBeRegisteredAsType</b><br>Test class: io.d8a.conjure.CombineNodeListTest</td>
<td></td>
<td>0</td>
<td>io.d8a.conjure.CombineNodeListTest@4102799c</td></tr>
<tr>
<td title='io.d8a.conjure.DateNodeTypeTest.canHaveSameJitterLowAndHigh()'><b>canHaveSameJitterLowAndHigh</b><br>Test class: io.d8a.conjure.DateNodeTypeTest</td>
<td></td>
<td>0</td>
<td>io.d8a.conjure.DateNodeTypeTest@21aed5f9</td></tr>
<tr>
<td title='io.d8a.conjure.MinMaxNodeTypeTest.canHaveSameMinAndMax()'><b>canHaveSameMinAndMax</b><br>Test class: io.d8a.conjure.MinMaxNodeTypeTest</td>
<td></td>
<td>0</td>
<td>io.d8a.conjure.MinMaxNodeTypeTest@5d61dfb5</td></tr>
<tr>
<td title='io.d8a.conjure.ConjureTemplateParserNodeListParsingTest.canHaveWhitespaceBetweenCustomEndTokens()'><b>canHaveWhitespaceBetweenCustomEndTokens</b><br>Test class: io.d8a.conjure.ConjureTemplateParserNodeListParsingTest</td>
<td></td>
<td>0</td>
<td>io.d8a.conjure.ConjureTemplateParserNodeListParsingTest@33d6f122</td></tr>
<tr>
<td title='io.d8a.conjure.DateNodeTypeTest.canReferenceMinMaxForJitter()'><b>canReferenceMinMaxForJitter</b><br>Test class: io.d8a.conjure.DateNodeTypeTest</td>
<td></td>
<td>0</td>
<td>io.d8a.conjure.DateNodeTypeTest@21aed5f9</td></tr>
<tr>
<td title='io.d8a.conjure.CombineNodeListTest.canSetSeparatorInConfig()'><b>canSetSeparatorInConfig</b><br>Test class: io.d8a.conjure.CombineNodeListTest</td>
<td></td>
<td>0</td>
<td>io.d8a.conjure.CombineNodeListTest@4102799c</td></tr>
<tr>
<td title='io.d8a.conjure.ConjureTemplateParserVariablesTest.canSpecifyCustomClock()'><b>canSpecifyCustomClock</b><br>Test class: io.d8a.conjure.ConjureTemplateParserVariablesTest</td>
<td></td>
<td>0</td>
<td>io.d8a.conjure.ConjureTemplateParserVariablesTest@647109c4</td></tr>
<tr>
<td title='io.d8a.conjure.ConjureTemplateParserNodeListParsingTest.canSpecifyCustomDelimiter()'><b>canSpecifyCustomDelimiter</b><br>Test class: io.d8a.conjure.ConjureTemplateParserNodeListParsingTest</td>
<td></td>
<td>0</td>
<td>io.d8a.conjure.ConjureTemplateParserNodeListParsingTest@33d6f122</td></tr>
<tr>
<td title='io.d8a.conjure.ConjureTemplateParserNodeListParsingTest.canSpecifyCustomDelimiterAndSeparator()'><b>canSpecifyCustomDelimiterAndSeparator</b><br>Test class: io.d8a.conjure.ConjureTemplateParserNodeListParsingTest</td>
<td></td>
<td>0</td>
<td>io.d8a.conjure.ConjureTemplateParserNodeListParsingTest@33d6f122</td></tr>
<tr>
<td title='io.d8a.conjure.ConjureTemplateParserNodeListParsingTest.canSpecifyCustomEndToken()'><b>canSpecifyCustomEndToken</b><br>Test class: io.d8a.conjure.ConjureTemplateParserNodeListParsingTest</td>
<td></td>
<td>0</td>
<td>io.d8a.conjure.ConjureTemplateParserNodeListParsingTest@33d6f122</td></tr>
<tr>
<td title='io.d8a.conjure.ConjureTemplateParserNodeListParsingTest.canSpecifyLinesShouldBeTrimmed()'><b>canSpecifyLinesShouldBeTrimmed</b><br>Test class: io.d8a.conjure.ConjureTemplateParserNodeListParsingTest</td>
<td></td>
<td>0</td>
<td>io.d8a.conjure.ConjureTemplateParserNodeListParsingTest@33d6f122</td></tr>
<tr>
<td title='io.d8a.conjure.ConjureTemplateParserNodeListParsingTest.canSpecifyLinesShouldBeTrimmedForCombineNodes()'><b>canSpecifyLinesShouldBeTrimmedForCombineNodes</b><br>Test class: io.d8a.conjure.ConjureTemplateParserNodeListParsingTest</td>
<td></td>
<td>0</td>
<td>io.d8a.conjure.ConjureTemplateParserNodeListParsingTest@33d6f122</td></tr>
<tr>
<td title='io.d8a.conjure.CombineNodeListTest.canSpecifySeparator()'><b>canSpecifySeparator</b><br>Test class: io.d8a.conjure.CombineNodeListTest</td>
<td></td>
<td>0</td>
<td>io.d8a.conjure.CombineNodeListTest@4102799c</td></tr>
<tr>
<td title='io.d8a.conjure.ConjureTemplateParserNodeListParsingTest.canSpecifyThePrimarySampleNode()'><b>canSpecifyThePrimarySampleNode</b><br>Test class: io.d8a.conjure.ConjureTemplateParserNodeListParsingTest</td>
<td></td>
<td>0</td>
<td>io.d8a.conjure.ConjureTemplateParserNodeListParsingTest@33d6f122</td></tr>
<tr>
<td title='io.d8a.conjure.ConjureTemplateParserVariablesTest.combineRegisteredByDefault()'><b>combineRegisteredByDefault</b><br>Test class: io.d8a.conjure.ConjureTemplateParserVariablesTest</td>
<td></td>
<td>0</td>
<td>io.d8a.conjure.ConjureTemplateParserVariablesTest@647109c4</td></tr>
<tr>
<td title='io.d8a.conjure.ConjureTemplateTest.configRefsCanHaveNamesToo()'><b>configRefsCanHaveNamesToo</b><br>Test class: io.d8a.conjure.ConjureTemplateTest</td>
<td></td>
<td>0</td>
<td>io.d8a.conjure.ConjureTemplateTest@39385660</td></tr>
<tr>
<td title='io.d8a.conjure.MinMaxNodeTypeTest.createFailsMaxNotSpecified()'><b>createFailsMaxNotSpecified</b><br>Test class: io.d8a.conjure.MinMaxNodeTypeTest</td>
<td><div><pre>java.lang.IllegalArgumentException: Both min and max must be specified.
	at io.d8a.conjure.MinMaxNode.createNode(MinMaxNode.java:25)
	at io.d8a.conjure.MinMaxNodeTypeTest.createFailsMaxNotSpecified(MinMaxNodeTypeTest.java:104)
	at org.apache.maven.surefire.testng.TestNGExecutor.run(TestNGExecutor.java:60)
	at org.apache.maven.surefire.testng.TestNGDirectoryTestSuite.executeMulti(TestNGDirectoryTestSuite.java:153)
	at org.apache.maven.surefire.testng.TestNGDirectoryTestSuite.execute(TestNGDirectoryTestSuite.java:99)
	at org.apache.maven.surefire.testng.TestNGProvider.invoke(TestNGProvider.java:111)
	at org.apache.maven.surefire.booter.ProviderFactory$ClassLoaderProxy.invoke(ProviderFactory.java:103)
	at com.sun.proxy.$Proxy0.invoke(Unknown Source)
	at org.apache.maven.surefire.booter.SurefireStarter.invokeProvider(SurefireStarter.java:150)
	at org.apache.maven.surefire.booter.SurefireStarter.runSuitesInProcess(SurefireStarter.java:91)
	at org.apache.maven.surefire.booter.ForkedBooter.main(ForkedBooter.java:69)
... Removed 26 stack frames</pre></div><a href='#' onClick='toggleBox("stack-trace853068360", this, "Click to show all stack frames", "Click to hide stack frames")'>Click to show all stack frames</a>
<div class='stack-trace' id='stack-trace853068360'><pre>java.lang.IllegalArgumentException: Both min and max must be specified.
	at io.d8a.conjure.MinMaxNode.createNode(MinMaxNode.java:25)
	at io.d8a.conjure.MinMaxNodeTypeTest.createFailsMaxNotSpecified(MinMaxNodeTypeTest.java:104)
	at sun.reflect.NativeMethodAccessorImpl.invoke0(Native Method)
	at sun.reflect.NativeMethodAccessorImpl.invoke(NativeMethodAccessorImpl.java:39)
	at sun.reflect.DelegatingMethodAccessorImpl.invoke(DelegatingMethodAccessorImpl.java:25)
	at java.lang.reflect.Method.invoke(Method.java:597)
	at org.testng.internal.MethodInvocationHelper.invokeMethod(MethodInvocationHelper.java:80)
	at org.testng.internal.Invoker.invokeMethod(Invoker.java:673)
	at org.testng.internal.Invoker.invokeTestMethod(Invoker.java:842)
	at org.testng.internal.Invoker.invokeTestMethods(Invoker.java:1166)
	at org.testng.internal.TestMethodWorker.invokeTestMethods(TestMethodWorker.java:125)
	at org.testng.internal.TestMethodWorker.run(TestMethodWorker.java:109)
	at org.testng.TestRunner.runWorkers(TestRunner.java:1178)
	at org.testng.TestRunner.privateRun(TestRunner.java:757)
	at org.testng.TestRunner.run(TestRunner.java:608)
	at org.testng.SuiteRunner.runTest(SuiteRunner.java:334)
	at org.testng.SuiteRunner.runSequentially(SuiteRunner.java:329)
	at org.testng.SuiteRunner.privateRun(SuiteRunner.java:291)
	at org.testng.SuiteRunner.run(SuiteRunner.java:240)
	at org.testng.SuiteRunnerWorker.runSuite(SuiteRunnerWorker.java:52)
	at org.testng.SuiteRunnerWorker.run(SuiteRunnerWorker.java:86)
	at org.testng.TestNG.runSuitesSequentially(TestNG.java:1158)
	at org.testng.TestNG.runSuitesLocally(TestNG.java:1083)
	at org.testng.TestNG.run(TestNG.java:999)
	at org.apache.maven.surefire.testng.TestNGExecutor.run(TestNGExecutor.java:60)
	at org.apache.maven.surefire.testng.TestNGDirectoryTestSuite.executeMulti(TestNGDirectoryTestSuite.java:153)
	at org.apache.maven.surefire.testng.TestNGDirectoryTestSuite.execute(TestNGDirectoryTestSuite.java:99)
	at org.apache.maven.surefire.testng.TestNGProvider.invoke(TestNGProvider.java:111)
	at sun.reflect.NativeMethodAccessorImpl.invoke0(Native Method)
	at sun.reflect.NativeMethodAccessorImpl.invoke(NativeMethodAccessorImpl.java:39)
	at sun.reflect.DelegatingMethodAccessorImpl.invoke(DelegatingMethodAccessorImpl.java:25)
	at java.lang.reflect.Method.invoke(Method.java:597)
	at org.apache.maven.surefire.booter.ProviderFactory$ClassLoaderProxy.invoke(ProviderFactory.java:103)
	at com.sun.proxy.$Proxy0.invoke(Unknown Source)
	at org.apache.maven.surefire.booter.SurefireStarter.invokeProvider(SurefireStarter.java:150)
	at org.apache.maven.surefire.booter.SurefireStarter.runSuitesInProcess(SurefireStarter.java:91)
	at org.apache.maven.surefire.booter.ForkedBooter.main(ForkedBooter.java:69)
</pre></div></td>
<td>0</td>
<td>io.d8a.conjure.MinMaxNodeTypeTest@5d61dfb5</td></tr>
<tr>
<td title='io.d8a.conjure.MinMaxNodeTypeTest.createFailsMinNotSpecified()'><b>createFailsMinNotSpecified</b><br>Test class: io.d8a.conjure.MinMaxNodeTypeTest</td>
<td><div><pre>java.lang.IllegalArgumentException: Both min and max must be specified.
	at io.d8a.conjure.MinMaxNode.createNode(MinMaxNode.java:25)
	at io.d8a.conjure.MinMaxNodeTypeTest.createFailsMinNotSpecified(MinMaxNodeTypeTest.java:92)
	at org.apache.maven.surefire.testng.TestNGExecutor.run(TestNGExecutor.java:60)
	at org.apache.maven.surefire.testng.TestNGDirectoryTestSuite.executeMulti(TestNGDirectoryTestSuite.java:153)
	at org.apache.maven.surefire.testng.TestNGDirectoryTestSuite.execute(TestNGDirectoryTestSuite.java:99)
	at org.apache.maven.surefire.testng.TestNGProvider.invoke(TestNGProvider.java:111)
	at org.apache.maven.surefire.booter.ProviderFactory$ClassLoaderProxy.invoke(ProviderFactory.java:103)
	at com.sun.proxy.$Proxy0.invoke(Unknown Source)
	at org.apache.maven.surefire.booter.SurefireStarter.invokeProvider(SurefireStarter.java:150)
	at org.apache.maven.surefire.booter.SurefireStarter.runSuitesInProcess(SurefireStarter.java:91)
	at org.apache.maven.surefire.booter.ForkedBooter.main(ForkedBooter.java:69)
... Removed 26 stack frames</pre></div><a href='#' onClick='toggleBox("stack-trace449507565", this, "Click to show all stack frames", "Click to hide stack frames")'>Click to show all stack frames</a>
<div class='stack-trace' id='stack-trace449507565'><pre>java.lang.IllegalArgumentException: Both min and max must be specified.
	at io.d8a.conjure.MinMaxNode.createNode(MinMaxNode.java:25)
	at io.d8a.conjure.MinMaxNodeTypeTest.createFailsMinNotSpecified(MinMaxNodeTypeTest.java:92)
	at sun.reflect.NativeMethodAccessorImpl.invoke0(Native Method)
	at sun.reflect.NativeMethodAccessorImpl.invoke(NativeMethodAccessorImpl.java:39)
	at sun.reflect.DelegatingMethodAccessorImpl.invoke(DelegatingMethodAccessorImpl.java:25)
	at java.lang.reflect.Method.invoke(Method.java:597)
	at org.testng.internal.MethodInvocationHelper.invokeMethod(MethodInvocationHelper.java:80)
	at org.testng.internal.Invoker.invokeMethod(Invoker.java:673)
	at org.testng.internal.Invoker.invokeTestMethod(Invoker.java:842)
	at org.testng.internal.Invoker.invokeTestMethods(Invoker.java:1166)
	at org.testng.internal.TestMethodWorker.invokeTestMethods(TestMethodWorker.java:125)
	at org.testng.internal.TestMethodWorker.run(TestMethodWorker.java:109)
	at org.testng.TestRunner.runWorkers(TestRunner.java:1178)
	at org.testng.TestRunner.privateRun(TestRunner.java:757)
	at org.testng.TestRunner.run(TestRunner.java:608)
	at org.testng.SuiteRunner.runTest(SuiteRunner.java:334)
	at org.testng.SuiteRunner.runSequentially(SuiteRunner.java:329)
	at org.testng.SuiteRunner.privateRun(SuiteRunner.java:291)
	at org.testng.SuiteRunner.run(SuiteRunner.java:240)
	at org.testng.SuiteRunnerWorker.runSuite(SuiteRunnerWorker.java:52)
	at org.testng.SuiteRunnerWorker.run(SuiteRunnerWorker.java:86)
	at org.testng.TestNG.runSuitesSequentially(TestNG.java:1158)
	at org.testng.TestNG.runSuitesLocally(TestNG.java:1083)
	at org.testng.TestNG.run(TestNG.java:999)
	at org.apache.maven.surefire.testng.TestNGExecutor.run(TestNGExecutor.java:60)
	at org.apache.maven.surefire.testng.TestNGDirectoryTestSuite.executeMulti(TestNGDirectoryTestSuite.java:153)
	at org.apache.maven.surefire.testng.TestNGDirectoryTestSuite.execute(TestNGDirectoryTestSuite.java:99)
	at org.apache.maven.surefire.testng.TestNGProvider.invoke(TestNGProvider.java:111)
	at sun.reflect.NativeMethodAccessorImpl.invoke0(Native Method)
	at sun.reflect.NativeMethodAccessorImpl.invoke(NativeMethodAccessorImpl.java:39)
	at sun.reflect.DelegatingMethodAccessorImpl.invoke(DelegatingMethodAccessorImpl.java:25)
	at java.lang.reflect.Method.invoke(Method.java:597)
	at org.apache.maven.surefire.booter.ProviderFactory$ClassLoaderProxy.invoke(ProviderFactory.java:103)
	at com.sun.proxy.$Proxy0.invoke(Unknown Source)
	at org.apache.maven.surefire.booter.SurefireStarter.invokeProvider(SurefireStarter.java:150)
	at org.apache.maven.surefire.booter.SurefireStarter.runSuitesInProcess(SurefireStarter.java:91)
	at org.apache.maven.surefire.booter.ForkedBooter.main(ForkedBooter.java:69)
</pre></div></td>
<td>0</td>
<td>io.d8a.conjure.MinMaxNodeTypeTest@5d61dfb5</td></tr>
<tr>
<td title='io.d8a.conjure.ConjureTemplateTest.customTypesCanBeFullClassNames()'><b>customTypesCanBeFullClassNames</b><br>Test class: io.d8a.conjure.ConjureTemplateTest</td>
<td></td>
<td>0</td>
<td>io.d8a.conjure.ConjureTemplateTest@39385660</td></tr>
<tr>
<td title='io.d8a.conjure.ConjureTemplateTest.customTypesCanResolveReferences()'><b>customTypesCanResolveReferences</b><br>Test class: io.d8a.conjure.ConjureTemplateTest</td>
<td></td>
<td>0</td>
<td>io.d8a.conjure.ConjureTemplateTest@39385660</td></tr>
<tr>
<td title='io.d8a.conjure.ConjureTemplateParserVariablesTest.cycleRegisteredByDefault()'><b>cycleRegisteredByDefault</b><br>Test class: io.d8a.conjure.ConjureTemplateParserVariablesTest</td>
<td></td>
<td>0</td>
<td>io.d8a.conjure.ConjureTemplateParserVariablesTest@647109c4</td></tr>
<tr>
<td title='io.d8a.conjure.ChooseInOrderNodeListTest.cyclesBackToBeginning()'><b>cyclesBackToBeginning</b><br>Test class: io.d8a.conjure.ChooseInOrderNodeListTest</td>
<td></td>
<td>0</td>
<td>io.d8a.conjure.ChooseInOrderNodeListTest@ac44b88</td></tr>
<tr>
<td title='io.d8a.conjure.ConjureTemplateTest.defaultsToTemplateNamedSample()'><b>defaultsToTemplateNamedSample</b><br>Test class: io.d8a.conjure.ConjureTemplateTest</td>
<td></td>
<td>0</td>
<td>io.d8a.conjure.ConjureTemplateTest@39385660</td></tr>
<tr>
<td title='io.d8a.conjure.ConjureTemplateTest.diesWhenAskedForDefaultTemplateIfNotYetAdded()'><b>diesWhenAskedForDefaultTemplateIfNotYetAdded</b><br>Test class: io.d8a.conjure.ConjureTemplateTest</td>
<td><div><pre>java.lang.IllegalArgumentException: Node &apos;sample&apos; not found in the sample generator.
	at io.d8a.conjure.ConjureTemplate.conjure(ConjureTemplate.java:63)
	at io.d8a.conjure.ConjureTemplate.conjure(ConjureTemplate.java:67)
	at io.d8a.conjure.ConjureTemplateTest.diesWhenAskedForDefaultTemplateIfNotYetAdded(ConjureTemplateTest.java:49)
	at org.apache.maven.surefire.testng.TestNGExecutor.run(TestNGExecutor.java:60)
	at org.apache.maven.surefire.testng.TestNGDirectoryTestSuite.executeMulti(TestNGDirectoryTestSuite.java:153)
	at org.apache.maven.surefire.testng.TestNGDirectoryTestSuite.execute(TestNGDirectoryTestSuite.java:99)
	at org.apache.maven.surefire.testng.TestNGProvider.invoke(TestNGProvider.java:111)
	at org.apache.maven.surefire.booter.ProviderFactory$ClassLoaderProxy.invoke(ProviderFactory.java:103)
	at com.sun.proxy.$Proxy0.invoke(Unknown Source)
	at org.apache.maven.surefire.booter.SurefireStarter.invokeProvider(SurefireStarter.java:150)
	at org.apache.maven.surefire.booter.SurefireStarter.runSuitesInProcess(SurefireStarter.java:91)
	at org.apache.maven.surefire.booter.ForkedBooter.main(ForkedBooter.java:69)
... Removed 26 stack frames</pre></div><a href='#' onClick='toggleBox("stack-trace43695209", this, "Click to show all stack frames", "Click to hide stack frames")'>Click to show all stack frames</a>
<div class='stack-trace' id='stack-trace43695209'><pre>java.lang.IllegalArgumentException: Node 'sample' not found in the sample generator.
	at io.d8a.conjure.ConjureTemplate.conjure(ConjureTemplate.java:63)
	at io.d8a.conjure.ConjureTemplate.conjure(ConjureTemplate.java:67)
	at io.d8a.conjure.ConjureTemplateTest.diesWhenAskedForDefaultTemplateIfNotYetAdded(ConjureTemplateTest.java:49)
	at sun.reflect.NativeMethodAccessorImpl.invoke0(Native Method)
	at sun.reflect.NativeMethodAccessorImpl.invoke(NativeMethodAccessorImpl.java:39)
	at sun.reflect.DelegatingMethodAccessorImpl.invoke(DelegatingMethodAccessorImpl.java:25)
	at java.lang.reflect.Method.invoke(Method.java:597)
	at org.testng.internal.MethodInvocationHelper.invokeMethod(MethodInvocationHelper.java:80)
	at org.testng.internal.Invoker.invokeMethod(Invoker.java:673)
	at org.testng.internal.Invoker.invokeTestMethod(Invoker.java:842)
	at org.testng.internal.Invoker.invokeTestMethods(Invoker.java:1166)
	at org.testng.internal.TestMethodWorker.invokeTestMethods(TestMethodWorker.java:125)
	at org.testng.internal.TestMethodWorker.run(TestMethodWorker.java:109)
	at org.testng.TestRunner.runWorkers(TestRunner.java:1178)
	at org.testng.TestRunner.privateRun(TestRunner.java:757)
	at org.testng.TestRunner.run(TestRunner.java:608)
	at org.testng.SuiteRunner.runTest(SuiteRunner.java:334)
	at org.testng.SuiteRunner.runSequentially(SuiteRunner.java:329)
	at org.testng.SuiteRunner.privateRun(SuiteRunner.java:291)
	at org.testng.SuiteRunner.run(SuiteRunner.java:240)
	at org.testng.SuiteRunnerWorker.runSuite(SuiteRunnerWorker.java:52)
	at org.testng.SuiteRunnerWorker.run(SuiteRunnerWorker.java:86)
	at org.testng.TestNG.runSuitesSequentially(TestNG.java:1158)
	at org.testng.TestNG.runSuitesLocally(TestNG.java:1083)
	at org.testng.TestNG.run(TestNG.java:999)
	at org.apache.maven.surefire.testng.TestNGExecutor.run(TestNGExecutor.java:60)
	at org.apache.maven.surefire.testng.TestNGDirectoryTestSuite.executeMulti(TestNGDirectoryTestSuite.java:153)
	at org.apache.maven.surefire.testng.TestNGDirectoryTestSuite.execute(TestNGDirectoryTestSuite.java:99)
	at org.apache.maven.surefire.testng.TestNGProvider.invoke(TestNGProvider.java:111)
	at sun.reflect.NativeMethodAccessorImpl.invoke0(Native Method)
	at sun.reflect.NativeMethodAccessorImpl.invoke(NativeMethodAccessorImpl.java:39)
	at sun.reflect.DelegatingMethodAccessorImpl.invoke(DelegatingMethodAccessorImpl.java:25)
	at java.lang.reflect.Method.invoke(Method.java:597)
	at org.apache.maven.surefire.booter.ProviderFactory$ClassLoaderProxy.invoke(ProviderFactory.java:103)
	at com.sun.proxy.$Proxy0.invoke(Unknown Source)
	at org.apache.maven.surefire.booter.SurefireStarter.invokeProvider(SurefireStarter.java:150)
	at org.apache.maven.surefire.booter.SurefireStarter.runSuitesInProcess(SurefireStarter.java:91)
	at org.apache.maven.surefire.booter.ForkedBooter.main(ForkedBooter.java:69)
</pre></div></td>
<td>0</td>
<td>io.d8a.conjure.ConjureTemplateTest@39385660</td></tr>
<tr>
<td title='io.d8a.conjure.ConjureTemplateTest.diesWhenAskedForMissingTemplates()'><b>diesWhenAskedForMissingTemplates</b><br>Test class: io.d8a.conjure.ConjureTemplateTest</td>
<td><div><pre>java.lang.IllegalArgumentException: Node &apos;bad&apos; not found in the sample generator.
	at io.d8a.conjure.ConjureTemplate.conjure(ConjureTemplate.java:63)
	at io.d8a.conjure.ConjureTemplateTest.diesWhenAskedForMissingTemplates(ConjureTemplateTest.java:36)
	at org.apache.maven.surefire.testng.TestNGExecutor.run(TestNGExecutor.java:60)
	at org.apache.maven.surefire.testng.TestNGDirectoryTestSuite.executeMulti(TestNGDirectoryTestSuite.java:153)
	at org.apache.maven.surefire.testng.TestNGDirectoryTestSuite.execute(TestNGDirectoryTestSuite.java:99)
	at org.apache.maven.surefire.testng.TestNGProvider.invoke(TestNGProvider.java:111)
	at org.apache.maven.surefire.booter.ProviderFactory$ClassLoaderProxy.invoke(ProviderFactory.java:103)
	at com.sun.proxy.$Proxy0.invoke(Unknown Source)
	at org.apache.maven.surefire.booter.SurefireStarter.invokeProvider(SurefireStarter.java:150)
	at org.apache.maven.surefire.booter.SurefireStarter.runSuitesInProcess(SurefireStarter.java:91)
	at org.apache.maven.surefire.booter.ForkedBooter.main(ForkedBooter.java:69)
... Removed 26 stack frames</pre></div><a href='#' onClick='toggleBox("stack-trace309910604", this, "Click to show all stack frames", "Click to hide stack frames")'>Click to show all stack frames</a>
<div class='stack-trace' id='stack-trace309910604'><pre>java.lang.IllegalArgumentException: Node 'bad' not found in the sample generator.
	at io.d8a.conjure.ConjureTemplate.conjure(ConjureTemplate.java:63)
	at io.d8a.conjure.ConjureTemplateTest.diesWhenAskedForMissingTemplates(ConjureTemplateTest.java:36)
	at sun.reflect.NativeMethodAccessorImpl.invoke0(Native Method)
	at sun.reflect.NativeMethodAccessorImpl.invoke(NativeMethodAccessorImpl.java:39)
	at sun.reflect.DelegatingMethodAccessorImpl.invoke(DelegatingMethodAccessorImpl.java:25)
	at java.lang.reflect.Method.invoke(Method.java:597)
	at org.testng.internal.MethodInvocationHelper.invokeMethod(MethodInvocationHelper.java:80)
	at org.testng.internal.Invoker.invokeMethod(Invoker.java:673)
	at org.testng.internal.Invoker.invokeTestMethod(Invoker.java:842)
	at org.testng.internal.Invoker.invokeTestMethods(Invoker.java:1166)
	at org.testng.internal.TestMethodWorker.invokeTestMethods(TestMethodWorker.java:125)
	at org.testng.internal.TestMethodWorker.run(TestMethodWorker.java:109)
	at org.testng.TestRunner.runWorkers(TestRunner.java:1178)
	at org.testng.TestRunner.privateRun(TestRunner.java:757)
	at org.testng.TestRunner.run(TestRunner.java:608)
	at org.testng.SuiteRunner.runTest(SuiteRunner.java:334)
	at org.testng.SuiteRunner.runSequentially(SuiteRunner.java:329)
	at org.testng.SuiteRunner.privateRun(SuiteRunner.java:291)
	at org.testng.SuiteRunner.run(SuiteRunner.java:240)
	at org.testng.SuiteRunnerWorker.runSuite(SuiteRunnerWorker.java:52)
	at org.testng.SuiteRunnerWorker.run(SuiteRunnerWorker.java:86)
	at org.testng.TestNG.runSuitesSequentially(TestNG.java:1158)
	at org.testng.TestNG.runSuitesLocally(TestNG.java:1083)
	at org.testng.TestNG.run(TestNG.java:999)
	at org.apache.maven.surefire.testng.TestNGExecutor.run(TestNGExecutor.java:60)
	at org.apache.maven.surefire.testng.TestNGDirectoryTestSuite.executeMulti(TestNGDirectoryTestSuite.java:153)
	at org.apache.maven.surefire.testng.TestNGDirectoryTestSuite.execute(TestNGDirectoryTestSuite.java:99)
	at org.apache.maven.surefire.testng.TestNGProvider.invoke(TestNGProvider.java:111)
	at sun.reflect.NativeMethodAccessorImpl.invoke0(Native Method)
	at sun.reflect.NativeMethodAccessorImpl.invoke(NativeMethodAccessorImpl.java:39)
	at sun.reflect.DelegatingMethodAccessorImpl.invoke(DelegatingMethodAccessorImpl.java:25)
	at java.lang.reflect.Method.invoke(Method.java:597)
	at org.apache.maven.surefire.booter.ProviderFactory$ClassLoaderProxy.invoke(ProviderFactory.java:103)
	at com.sun.proxy.$Proxy0.invoke(Unknown Source)
	at org.apache.maven.surefire.booter.SurefireStarter.invokeProvider(SurefireStarter.java:150)
	at org.apache.maven.surefire.booter.SurefireStarter.runSuitesInProcess(SurefireStarter.java:91)
	at org.apache.maven.surefire.booter.ForkedBooter.main(ForkedBooter.java:69)
</pre></div></td>
<td>0</td>
<td>io.d8a.conjure.ConjureTemplateTest@39385660</td></tr>
<tr>
<td title='io.d8a.conjure.ChooseByWeightNodeListTest.diesWhenRenderingNoNodes()'><b>diesWhenRenderingNoNodes</b><br>Test class: io.d8a.conjure.ChooseByWeightNodeListTest</td>
<td><div><pre>java.lang.IllegalStateException: Nodes must first be added to ChooseByWeightNodeList before calling generate.
	at io.d8a.conjure.NodeList.generate(NodeList.java:39)
	at io.d8a.conjure.ChooseByWeightNodeListTest.diesWhenRenderingNoNodes(ChooseByWeightNodeListTest.java:15)
	at org.apache.maven.surefire.testng.TestNGExecutor.run(TestNGExecutor.java:60)
	at org.apache.maven.surefire.testng.TestNGDirectoryTestSuite.executeMulti(TestNGDirectoryTestSuite.java:153)
	at org.apache.maven.surefire.testng.TestNGDirectoryTestSuite.execute(TestNGDirectoryTestSuite.java:99)
	at org.apache.maven.surefire.testng.TestNGProvider.invoke(TestNGProvider.java:111)
	at org.apache.maven.surefire.booter.ProviderFactory$ClassLoaderProxy.invoke(ProviderFactory.java:103)
	at com.sun.proxy.$Proxy0.invoke(Unknown Source)
	at org.apache.maven.surefire.booter.SurefireStarter.invokeProvider(SurefireStarter.java:150)
	at org.apache.maven.surefire.booter.SurefireStarter.runSuitesInProcess(SurefireStarter.java:91)
	at org.apache.maven.surefire.booter.ForkedBooter.main(ForkedBooter.java:69)
... Removed 26 stack frames</pre></div><a href='#' onClick='toggleBox("stack-trace593352976", this, "Click to show all stack frames", "Click to hide stack frames")'>Click to show all stack frames</a>
<div class='stack-trace' id='stack-trace593352976'><pre>java.lang.IllegalStateException: Nodes must first be added to ChooseByWeightNodeList before calling generate.
	at io.d8a.conjure.NodeList.generate(NodeList.java:39)
	at io.d8a.conjure.ChooseByWeightNodeListTest.diesWhenRenderingNoNodes(ChooseByWeightNodeListTest.java:15)
	at sun.reflect.NativeMethodAccessorImpl.invoke0(Native Method)
	at sun.reflect.NativeMethodAccessorImpl.invoke(NativeMethodAccessorImpl.java:39)
	at sun.reflect.DelegatingMethodAccessorImpl.invoke(DelegatingMethodAccessorImpl.java:25)
	at java.lang.reflect.Method.invoke(Method.java:597)
	at org.testng.internal.MethodInvocationHelper.invokeMethod(MethodInvocationHelper.java:80)
	at org.testng.internal.Invoker.invokeMethod(Invoker.java:673)
	at org.testng.internal.Invoker.invokeTestMethod(Invoker.java:842)
	at org.testng.internal.Invoker.invokeTestMethods(Invoker.java:1166)
	at org.testng.internal.TestMethodWorker.invokeTestMethods(TestMethodWorker.java:125)
	at org.testng.internal.TestMethodWorker.run(TestMethodWorker.java:109)
	at org.testng.TestRunner.runWorkers(TestRunner.java:1178)
	at org.testng.TestRunner.privateRun(TestRunner.java:757)
	at org.testng.TestRunner.run(TestRunner.java:608)
	at org.testng.SuiteRunner.runTest(SuiteRunner.java:334)
	at org.testng.SuiteRunner.runSequentially(SuiteRunner.java:329)
	at org.testng.SuiteRunner.privateRun(SuiteRunner.java:291)
	at org.testng.SuiteRunner.run(SuiteRunner.java:240)
	at org.testng.SuiteRunnerWorker.runSuite(SuiteRunnerWorker.java:52)
	at org.testng.SuiteRunnerWorker.run(SuiteRunnerWorker.java:86)
	at org.testng.TestNG.runSuitesSequentially(TestNG.java:1158)
	at org.testng.TestNG.runSuitesLocally(TestNG.java:1083)
	at org.testng.TestNG.run(TestNG.java:999)
	at org.apache.maven.surefire.testng.TestNGExecutor.run(TestNGExecutor.java:60)
	at org.apache.maven.surefire.testng.TestNGDirectoryTestSuite.executeMulti(TestNGDirectoryTestSuite.java:153)
	at org.apache.maven.surefire.testng.TestNGDirectoryTestSuite.execute(TestNGDirectoryTestSuite.java:99)
	at org.apache.maven.surefire.testng.TestNGProvider.invoke(TestNGProvider.java:111)
	at sun.reflect.NativeMethodAccessorImpl.invoke0(Native Method)
	at sun.reflect.NativeMethodAccessorImpl.invoke(NativeMethodAccessorImpl.java:39)
	at sun.reflect.DelegatingMethodAccessorImpl.invoke(DelegatingMethodAccessorImpl.java:25)
	at java.lang.reflect.Method.invoke(Method.java:597)
	at org.apache.maven.surefire.booter.ProviderFactory$ClassLoaderProxy.invoke(ProviderFactory.java:103)
	at com.sun.proxy.$Proxy0.invoke(Unknown Source)
	at org.apache.maven.surefire.booter.SurefireStarter.invokeProvider(SurefireStarter.java:150)
	at org.apache.maven.surefire.booter.SurefireStarter.runSuitesInProcess(SurefireStarter.java:91)
	at org.apache.maven.surefire.booter.ForkedBooter.main(ForkedBooter.java:69)
</pre></div></td>
<td>0</td>
<td>io.d8a.conjure.ChooseByWeightNodeListTest@379e8f17</td></tr>
<tr>
<td title='io.d8a.conjure.ConjureTemplateTest.doesNotCareWhatOrderTemplatesAreAdded()'><b>doesNotCareWhatOrderTemplatesAreAdded</b><br>Test class: io.d8a.conjure.ConjureTemplateTest</td>
<td></td>
<td>0</td>
<td>io.d8a.conjure.ConjureTemplateTest@39385660</td></tr>
<tr>
<td title='io.d8a.conjure.ChooseRandomNodeListTest.eventuallyGeneratesAllNodes()'><b>eventuallyGeneratesAllNodes</b><br>Test class: io.d8a.conjure.ChooseRandomNodeListTest</td>
<td></td>
<td>0</td>
<td>io.d8a.conjure.ChooseRandomNodeListTest@5d3ad33d</td></tr>
<tr>
<td title='io.d8a.conjure.ConjureTemplateParserVariablesTest.failsForUnregisteredVariableTypes()'><b>failsForUnregisteredVariableTypes</b><br>Test class: io.d8a.conjure.ConjureTemplateParserVariablesTest</td>
<td><div><pre>java.lang.IllegalArgumentException: Unknown sample node nodeCreator &apos;badname&apos;.
	at io.d8a.conjure.ConjureTemplate.resolveNodeCreator(ConjureTemplate.java:178)
	at io.d8a.conjure.ConjureTemplate.resolveNodeFromRef(ConjureTemplate.java:149)
	at io.d8a.conjure.ConjureTemplate.compileToNodeList(ConjureTemplate.java:123)
	at io.d8a.conjure.ConjureTemplate.parseNodes(ConjureTemplate.java:48)
	at io.d8a.conjure.ConjureTemplateParser.parse(ConjureTemplateParser.java:63)
	at io.d8a.conjure.ConjureTemplateParserVariablesTest.failsForUnregisteredVariableTypes(ConjureTemplateParserVariablesTest.java:29)
	at org.apache.maven.surefire.testng.TestNGExecutor.run(TestNGExecutor.java:60)
	at org.apache.maven.surefire.testng.TestNGDirectoryTestSuite.executeMulti(TestNGDirectoryTestSuite.java:153)
	at org.apache.maven.surefire.testng.TestNGDirectoryTestSuite.execute(TestNGDirectoryTestSuite.java:99)
	at org.apache.maven.surefire.testng.TestNGProvider.invoke(TestNGProvider.java:111)
	at org.apache.maven.surefire.booter.ProviderFactory$ClassLoaderProxy.invoke(ProviderFactory.java:103)
	at com.sun.proxy.$Proxy0.invoke(Unknown Source)
	at org.apache.maven.surefire.booter.SurefireStarter.invokeProvider(SurefireStarter.java:150)
	at org.apache.maven.surefire.booter.SurefireStarter.runSuitesInProcess(SurefireStarter.java:91)
	at org.apache.maven.surefire.booter.ForkedBooter.main(ForkedBooter.java:69)
... Removed 26 stack frames</pre></div><a href='#' onClick='toggleBox("stack-trace71688744", this, "Click to show all stack frames", "Click to hide stack frames")'>Click to show all stack frames</a>
<div class='stack-trace' id='stack-trace71688744'><pre>java.lang.IllegalArgumentException: Unknown sample node nodeCreator 'badname'.
	at io.d8a.conjure.ConjureTemplate.resolveNodeCreator(ConjureTemplate.java:178)
	at io.d8a.conjure.ConjureTemplate.resolveNodeFromRef(ConjureTemplate.java:149)
	at io.d8a.conjure.ConjureTemplate.compileToNodeList(ConjureTemplate.java:123)
	at io.d8a.conjure.ConjureTemplate.parseNodes(ConjureTemplate.java:48)
	at io.d8a.conjure.ConjureTemplateParser.parse(ConjureTemplateParser.java:63)
	at io.d8a.conjure.ConjureTemplateParserVariablesTest.failsForUnregisteredVariableTypes(ConjureTemplateParserVariablesTest.java:29)
	at sun.reflect.NativeMethodAccessorImpl.invoke0(Native Method)
	at sun.reflect.NativeMethodAccessorImpl.invoke(NativeMethodAccessorImpl.java:39)
	at sun.reflect.DelegatingMethodAccessorImpl.invoke(DelegatingMethodAccessorImpl.java:25)
	at java.lang.reflect.Method.invoke(Method.java:597)
	at org.testng.internal.MethodInvocationHelper.invokeMethod(MethodInvocationHelper.java:80)
	at org.testng.internal.Invoker.invokeMethod(Invoker.java:673)
	at org.testng.internal.Invoker.invokeTestMethod(Invoker.java:842)
	at org.testng.internal.Invoker.invokeTestMethods(Invoker.java:1166)
	at org.testng.internal.TestMethodWorker.invokeTestMethods(TestMethodWorker.java:125)
	at org.testng.internal.TestMethodWorker.run(TestMethodWorker.java:109)
	at org.testng.TestRunner.runWorkers(TestRunner.java:1178)
	at org.testng.TestRunner.privateRun(TestRunner.java:757)
	at org.testng.TestRunner.run(TestRunner.java:608)
	at org.testng.SuiteRunner.runTest(SuiteRunner.java:334)
	at org.testng.SuiteRunner.runSequentially(SuiteRunner.java:329)
	at org.testng.SuiteRunner.privateRun(SuiteRunner.java:291)
	at org.testng.SuiteRunner.run(SuiteRunner.java:240)
	at org.testng.SuiteRunnerWorker.runSuite(SuiteRunnerWorker.java:52)
	at org.testng.SuiteRunnerWorker.run(SuiteRunnerWorker.java:86)
	at org.testng.TestNG.runSuitesSequentially(TestNG.java:1158)
	at org.testng.TestNG.runSuitesLocally(TestNG.java:1083)
	at org.testng.TestNG.run(TestNG.java:999)
	at org.apache.maven.surefire.testng.TestNGExecutor.run(TestNGExecutor.java:60)
	at org.apache.maven.surefire.testng.TestNGDirectoryTestSuite.executeMulti(TestNGDirectoryTestSuite.java:153)
	at org.apache.maven.surefire.testng.TestNGDirectoryTestSuite.execute(TestNGDirectoryTestSuite.java:99)
	at org.apache.maven.surefire.testng.TestNGProvider.invoke(TestNGProvider.java:111)
	at sun.reflect.NativeMethodAccessorImpl.invoke0(Native Method)
	at sun.reflect.NativeMethodAccessorImpl.invoke(NativeMethodAccessorImpl.java:39)
	at sun.reflect.DelegatingMethodAccessorImpl.invoke(DelegatingMethodAccessorImpl.java:25)
	at java.lang.reflect.Method.invoke(Method.java:597)
	at org.apache.maven.surefire.booter.ProviderFactory$ClassLoaderProxy.invoke(ProviderFactory.java:103)
	at com.sun.proxy.$Proxy0.invoke(Unknown Source)
	at org.apache.maven.surefire.booter.SurefireStarter.invokeProvider(SurefireStarter.java:150)
	at org.apache.maven.surefire.booter.SurefireStarter.runSuitesInProcess(SurefireStarter.java:91)
	at org.apache.maven.surefire.booter.ForkedBooter.main(ForkedBooter.java:69)
</pre></div></td>
<td>0</td>
<td>io.d8a.conjure.ConjureTemplateParserVariablesTest@647109c4</td></tr>
<tr>
<td title='io.d8a.conjure.ConjureTemplateTest.failsWhenCustomTypeByClassNameNotFound()'><b>failsWhenCustomTypeByClassNameNotFound</b><br>Test class: io.d8a.conjure.ConjureTemplateTest</td>
<td><div><pre>java.lang.IllegalArgumentException: Unknown sample node nodeCreator &apos;io.d8a.conjure.FooTestNode&apos;.
	at io.d8a.conjure.ConjureTemplate.resolveNodeCreator(ConjureTemplate.java:178)
	at io.d8a.conjure.ConjureTemplate.resolveNodeFromRef(ConjureTemplate.java:149)
	at io.d8a.conjure.ConjureTemplate.compileToNodeList(ConjureTemplate.java:123)
	at io.d8a.conjure.ConjureTemplate.parseNodes(ConjureTemplate.java:48)
	at io.d8a.conjure.ConjureTemplate.addFragment(ConjureTemplate.java:44)
	at io.d8a.conjure.ConjureTemplateTest.failsWhenCustomTypeByClassNameNotFound(ConjureTemplateTest.java:146)
	at org.apache.maven.surefire.testng.TestNGExecutor.run(TestNGExecutor.java:60)
	at org.apache.maven.surefire.testng.TestNGDirectoryTestSuite.executeMulti(TestNGDirectoryTestSuite.java:153)
	at org.apache.maven.surefire.testng.TestNGDirectoryTestSuite.execute(TestNGDirectoryTestSuite.java:99)
	at org.apache.maven.surefire.testng.TestNGProvider.invoke(TestNGProvider.java:111)
	at org.apache.maven.surefire.booter.ProviderFactory$ClassLoaderProxy.invoke(ProviderFactory.java:103)
	at com.sun.proxy.$Proxy0.invoke(Unknown Source)
	at org.apache.maven.surefire.booter.SurefireStarter.invokeProvider(SurefireStarter.java:150)
	at org.apache.maven.surefire.booter.SurefireStarter.runSuitesInProcess(SurefireStarter.java:91)
	at org.apache.maven.surefire.booter.ForkedBooter.main(ForkedBooter.java:69)
... Removed 26 stack frames</pre></div><a href='#' onClick='toggleBox("stack-trace1473790157", this, "Click to show all stack frames", "Click to hide stack frames")'>Click to show all stack frames</a>
<div class='stack-trace' id='stack-trace1473790157'><pre>java.lang.IllegalArgumentException: Unknown sample node nodeCreator 'io.d8a.conjure.FooTestNode'.
	at io.d8a.conjure.ConjureTemplate.resolveNodeCreator(ConjureTemplate.java:178)
	at io.d8a.conjure.ConjureTemplate.resolveNodeFromRef(ConjureTemplate.java:149)
	at io.d8a.conjure.ConjureTemplate.compileToNodeList(ConjureTemplate.java:123)
	at io.d8a.conjure.ConjureTemplate.parseNodes(ConjureTemplate.java:48)
	at io.d8a.conjure.ConjureTemplate.addFragment(ConjureTemplate.java:44)
	at io.d8a.conjure.ConjureTemplateTest.failsWhenCustomTypeByClassNameNotFound(ConjureTemplateTest.java:146)
	at sun.reflect.NativeMethodAccessorImpl.invoke0(Native Method)
	at sun.reflect.NativeMethodAccessorImpl.invoke(NativeMethodAccessorImpl.java:39)
	at sun.reflect.DelegatingMethodAccessorImpl.invoke(DelegatingMethodAccessorImpl.java:25)
	at java.lang.reflect.Method.invoke(Method.java:597)
	at org.testng.internal.MethodInvocationHelper.invokeMethod(MethodInvocationHelper.java:80)
	at org.testng.internal.Invoker.invokeMethod(Invoker.java:673)
	at org.testng.internal.Invoker.invokeTestMethod(Invoker.java:842)
	at org.testng.internal.Invoker.invokeTestMethods(Invoker.java:1166)
	at org.testng.internal.TestMethodWorker.invokeTestMethods(TestMethodWorker.java:125)
	at org.testng.internal.TestMethodWorker.run(TestMethodWorker.java:109)
	at org.testng.TestRunner.runWorkers(TestRunner.java:1178)
	at org.testng.TestRunner.privateRun(TestRunner.java:757)
	at org.testng.TestRunner.run(TestRunner.java:608)
	at org.testng.SuiteRunner.runTest(SuiteRunner.java:334)
	at org.testng.SuiteRunner.runSequentially(SuiteRunner.java:329)
	at org.testng.SuiteRunner.privateRun(SuiteRunner.java:291)
	at org.testng.SuiteRunner.run(SuiteRunner.java:240)
	at org.testng.SuiteRunnerWorker.runSuite(SuiteRunnerWorker.java:52)
	at org.testng.SuiteRunnerWorker.run(SuiteRunnerWorker.java:86)
	at org.testng.TestNG.runSuitesSequentially(TestNG.java:1158)
	at org.testng.TestNG.runSuitesLocally(TestNG.java:1083)
	at org.testng.TestNG.run(TestNG.java:999)
	at org.apache.maven.surefire.testng.TestNGExecutor.run(TestNGExecutor.java:60)
	at org.apache.maven.surefire.testng.TestNGDirectoryTestSuite.executeMulti(TestNGDirectoryTestSuite.java:153)
	at org.apache.maven.surefire.testng.TestNGDirectoryTestSuite.execute(TestNGDirectoryTestSuite.java:99)
	at org.apache.maven.surefire.testng.TestNGProvider.invoke(TestNGProvider.java:111)
	at sun.reflect.NativeMethodAccessorImpl.invoke0(Native Method)
	at sun.reflect.NativeMethodAccessorImpl.invoke(NativeMethodAccessorImpl.java:39)
	at sun.reflect.DelegatingMethodAccessorImpl.invoke(DelegatingMethodAccessorImpl.java:25)
	at java.lang.reflect.Method.invoke(Method.java:597)
	at org.apache.maven.surefire.booter.ProviderFactory$ClassLoaderProxy.invoke(ProviderFactory.java:103)
	at com.sun.proxy.$Proxy0.invoke(Unknown Source)
	at org.apache.maven.surefire.booter.SurefireStarter.invokeProvider(SurefireStarter.java:150)
	at org.apache.maven.surefire.booter.SurefireStarter.runSuitesInProcess(SurefireStarter.java:91)
	at org.apache.maven.surefire.booter.ForkedBooter.main(ForkedBooter.java:69)
</pre></div></td>
<td>0</td>
<td>io.d8a.conjure.ConjureTemplateTest@39385660</td></tr>
<tr>
<td title='io.d8a.conjure.DateNodeTypeTest.fixesTransposedLowHigh()'><b>fixesTransposedLowHigh</b><br>Test class: io.d8a.conjure.DateNodeTypeTest</td>
<td></td>
<td>0</td>
<td>io.d8a.conjure.DateNodeTypeTest@21aed5f9</td></tr>
<tr>
<td title='io.d8a.conjure.MinMaxNodeTypeTest.fixesTransposedMinMax()'><b>fixesTransposedMinMax</b><br>Test class: io.d8a.conjure.MinMaxNodeTypeTest</td>
<td></td>
<td>0</td>
<td>io.d8a.conjure.MinMaxNodeTypeTest@5d61dfb5</td></tr>
<tr>
<td title='io.d8a.conjure.ChooseInOrderNodeListTest.generateFailsIfNoNodesAdded()'><b>generateFailsIfNoNodesAdded</b><br>Test class: io.d8a.conjure.ChooseInOrderNodeListTest</td>
<td><div><pre>java.lang.IllegalStateException: Nodes must first be added to ChooseInOrderNodeList before calling generate.
	at io.d8a.conjure.NodeList.generate(NodeList.java:39)
	at io.d8a.conjure.ChooseInOrderNodeListTest.generate(ChooseInOrderNodeListTest.java:58)
	at io.d8a.conjure.ChooseInOrderNodeListTest.generateFailsIfNoNodesAdded(ChooseInOrderNodeListTest.java:41)
	at org.apache.maven.surefire.testng.TestNGExecutor.run(TestNGExecutor.java:60)
	at org.apache.maven.surefire.testng.TestNGDirectoryTestSuite.executeMulti(TestNGDirectoryTestSuite.java:153)
	at org.apache.maven.surefire.testng.TestNGDirectoryTestSuite.execute(TestNGDirectoryTestSuite.java:99)
	at org.apache.maven.surefire.testng.TestNGProvider.invoke(TestNGProvider.java:111)
	at org.apache.maven.surefire.booter.ProviderFactory$ClassLoaderProxy.invoke(ProviderFactory.java:103)
	at com.sun.proxy.$Proxy0.invoke(Unknown Source)
	at org.apache.maven.surefire.booter.SurefireStarter.invokeProvider(SurefireStarter.java:150)
	at org.apache.maven.surefire.booter.SurefireStarter.runSuitesInProcess(SurefireStarter.java:91)
	at org.apache.maven.surefire.booter.ForkedBooter.main(ForkedBooter.java:69)
... Removed 26 stack frames</pre></div><a href='#' onClick='toggleBox("stack-trace829795814", this, "Click to show all stack frames", "Click to hide stack frames")'>Click to show all stack frames</a>
<div class='stack-trace' id='stack-trace829795814'><pre>java.lang.IllegalStateException: Nodes must first be added to ChooseInOrderNodeList before calling generate.
	at io.d8a.conjure.NodeList.generate(NodeList.java:39)
	at io.d8a.conjure.ChooseInOrderNodeListTest.generate(ChooseInOrderNodeListTest.java:58)
	at io.d8a.conjure.ChooseInOrderNodeListTest.generateFailsIfNoNodesAdded(ChooseInOrderNodeListTest.java:41)
	at sun.reflect.NativeMethodAccessorImpl.invoke0(Native Method)
	at sun.reflect.NativeMethodAccessorImpl.invoke(NativeMethodAccessorImpl.java:39)
	at sun.reflect.DelegatingMethodAccessorImpl.invoke(DelegatingMethodAccessorImpl.java:25)
	at java.lang.reflect.Method.invoke(Method.java:597)
	at org.testng.internal.MethodInvocationHelper.invokeMethod(MethodInvocationHelper.java:80)
	at org.testng.internal.Invoker.invokeMethod(Invoker.java:673)
	at org.testng.internal.Invoker.invokeTestMethod(Invoker.java:842)
	at org.testng.internal.Invoker.invokeTestMethods(Invoker.java:1166)
	at org.testng.internal.TestMethodWorker.invokeTestMethods(TestMethodWorker.java:125)
	at org.testng.internal.TestMethodWorker.run(TestMethodWorker.java:109)
	at org.testng.TestRunner.runWorkers(TestRunner.java:1178)
	at org.testng.TestRunner.privateRun(TestRunner.java:757)
	at org.testng.TestRunner.run(TestRunner.java:608)
	at org.testng.SuiteRunner.runTest(SuiteRunner.java:334)
	at org.testng.SuiteRunner.runSequentially(SuiteRunner.java:329)
	at org.testng.SuiteRunner.privateRun(SuiteRunner.java:291)
	at org.testng.SuiteRunner.run(SuiteRunner.java:240)
	at org.testng.SuiteRunnerWorker.runSuite(SuiteRunnerWorker.java:52)
	at org.testng.SuiteRunnerWorker.run(SuiteRunnerWorker.java:86)
	at org.testng.TestNG.runSuitesSequentially(TestNG.java:1158)
	at org.testng.TestNG.runSuitesLocally(TestNG.java:1083)
	at org.testng.TestNG.run(TestNG.java:999)
	at org.apache.maven.surefire.testng.TestNGExecutor.run(TestNGExecutor.java:60)
	at org.apache.maven.surefire.testng.TestNGDirectoryTestSuite.executeMulti(TestNGDirectoryTestSuite.java:153)
	at org.apache.maven.surefire.testng.TestNGDirectoryTestSuite.execute(TestNGDirectoryTestSuite.java:99)
	at org.apache.maven.surefire.testng.TestNGProvider.invoke(TestNGProvider.java:111)
	at sun.reflect.NativeMethodAccessorImpl.invoke0(Native Method)
	at sun.reflect.NativeMethodAccessorImpl.invoke(NativeMethodAccessorImpl.java:39)
	at sun.reflect.DelegatingMethodAccessorImpl.invoke(DelegatingMethodAccessorImpl.java:25)
	at java.lang.reflect.Method.invoke(Method.java:597)
	at org.apache.maven.surefire.booter.ProviderFactory$ClassLoaderProxy.invoke(ProviderFactory.java:103)
	at com.sun.proxy.$Proxy0.invoke(Unknown Source)
	at org.apache.maven.surefire.booter.SurefireStarter.invokeProvider(SurefireStarter.java:150)
	at org.apache.maven.surefire.booter.SurefireStarter.runSuitesInProcess(SurefireStarter.java:91)
	at org.apache.maven.surefire.booter.ForkedBooter.main(ForkedBooter.java:69)
</pre></div></td>
<td>0</td>
<td>io.d8a.conjure.ChooseInOrderNodeListTest@ac44b88</td></tr>
<tr>
<td title='io.d8a.conjure.ChooseRandomNodeListTest.generateFailsIfNoNodesAdded()'><b>generateFailsIfNoNodesAdded</b><br>Test class: io.d8a.conjure.ChooseRandomNodeListTest</td>
<td><div><pre>java.lang.IllegalStateException: Nodes must first be added to ChooseRandomNodeList before calling generate.
	at io.d8a.conjure.NodeList.generate(NodeList.java:39)
	at io.d8a.conjure.ChooseRandomNodeListTest.generate(ChooseRandomNodeListTest.java:100)
	at io.d8a.conjure.ChooseRandomNodeListTest.generateFailsIfNoNodesAdded(ChooseRandomNodeListTest.java:87)
	at org.apache.maven.surefire.testng.TestNGExecutor.run(TestNGExecutor.java:60)
	at org.apache.maven.surefire.testng.TestNGDirectoryTestSuite.executeMulti(TestNGDirectoryTestSuite.java:153)
	at org.apache.maven.surefire.testng.TestNGDirectoryTestSuite.execute(TestNGDirectoryTestSuite.java:99)
	at org.apache.maven.surefire.testng.TestNGProvider.invoke(TestNGProvider.java:111)
	at org.apache.maven.surefire.booter.ProviderFactory$ClassLoaderProxy.invoke(ProviderFactory.java:103)
	at com.sun.proxy.$Proxy0.invoke(Unknown Source)
	at org.apache.maven.surefire.booter.SurefireStarter.invokeProvider(SurefireStarter.java:150)
	at org.apache.maven.surefire.booter.SurefireStarter.runSuitesInProcess(SurefireStarter.java:91)
	at org.apache.maven.surefire.booter.ForkedBooter.main(ForkedBooter.java:69)
... Removed 26 stack frames</pre></div><a href='#' onClick='toggleBox("stack-trace1205573714", this, "Click to show all stack frames", "Click to hide stack frames")'>Click to show all stack frames</a>
<div class='stack-trace' id='stack-trace1205573714'><pre>java.lang.IllegalStateException: Nodes must first be added to ChooseRandomNodeList before calling generate.
	at io.d8a.conjure.NodeList.generate(NodeList.java:39)
	at io.d8a.conjure.ChooseRandomNodeListTest.generate(ChooseRandomNodeListTest.java:100)
	at io.d8a.conjure.ChooseRandomNodeListTest.generateFailsIfNoNodesAdded(ChooseRandomNodeListTest.java:87)
	at sun.reflect.NativeMethodAccessorImpl.invoke0(Native Method)
	at sun.reflect.NativeMethodAccessorImpl.invoke(NativeMethodAccessorImpl.java:39)
	at sun.reflect.DelegatingMethodAccessorImpl.invoke(DelegatingMethodAccessorImpl.java:25)
	at java.lang.reflect.Method.invoke(Method.java:597)
	at org.testng.internal.MethodInvocationHelper.invokeMethod(MethodInvocationHelper.java:80)
	at org.testng.internal.Invoker.invokeMethod(Invoker.java:673)
	at org.testng.internal.Invoker.invokeTestMethod(Invoker.java:842)
	at org.testng.internal.Invoker.invokeTestMethods(Invoker.java:1166)
	at org.testng.internal.TestMethodWorker.invokeTestMethods(TestMethodWorker.java:125)
	at org.testng.internal.TestMethodWorker.run(TestMethodWorker.java:109)
	at org.testng.TestRunner.runWorkers(TestRunner.java:1178)
	at org.testng.TestRunner.privateRun(TestRunner.java:757)
	at org.testng.TestRunner.run(TestRunner.java:608)
	at org.testng.SuiteRunner.runTest(SuiteRunner.java:334)
	at org.testng.SuiteRunner.runSequentially(SuiteRunner.java:329)
	at org.testng.SuiteRunner.privateRun(SuiteRunner.java:291)
	at org.testng.SuiteRunner.run(SuiteRunner.java:240)
	at org.testng.SuiteRunnerWorker.runSuite(SuiteRunnerWorker.java:52)
	at org.testng.SuiteRunnerWorker.run(SuiteRunnerWorker.java:86)
	at org.testng.TestNG.runSuitesSequentially(TestNG.java:1158)
	at org.testng.TestNG.runSuitesLocally(TestNG.java:1083)
	at org.testng.TestNG.run(TestNG.java:999)
	at org.apache.maven.surefire.testng.TestNGExecutor.run(TestNGExecutor.java:60)
	at org.apache.maven.surefire.testng.TestNGDirectoryTestSuite.executeMulti(TestNGDirectoryTestSuite.java:153)
	at org.apache.maven.surefire.testng.TestNGDirectoryTestSuite.execute(TestNGDirectoryTestSuite.java:99)
	at org.apache.maven.surefire.testng.TestNGProvider.invoke(TestNGProvider.java:111)
	at sun.reflect.NativeMethodAccessorImpl.invoke0(Native Method)
	at sun.reflect.NativeMethodAccessorImpl.invoke(NativeMethodAccessorImpl.java:39)
	at sun.reflect.DelegatingMethodAccessorImpl.invoke(DelegatingMethodAccessorImpl.java:25)
	at java.lang.reflect.Method.invoke(Method.java:597)
	at org.apache.maven.surefire.booter.ProviderFactory$ClassLoaderProxy.invoke(ProviderFactory.java:103)
	at com.sun.proxy.$Proxy0.invoke(Unknown Source)
	at org.apache.maven.surefire.booter.SurefireStarter.invokeProvider(SurefireStarter.java:150)
	at org.apache.maven.surefire.booter.SurefireStarter.runSuitesInProcess(SurefireStarter.java:91)
	at org.apache.maven.surefire.booter.ForkedBooter.main(ForkedBooter.java:69)
</pre></div></td>
<td>0</td>
<td>io.d8a.conjure.ChooseRandomNodeListTest@5d3ad33d</td></tr>
<tr>
<td title='io.d8a.conjure.ChooseByWeightNodeListTest.generatesAllNodesOfSameWeightEventually()'><b>generatesAllNodesOfSameWeightEventually</b><br>Test class: io.d8a.conjure.ChooseByWeightNodeListTest</td>
<td></td>
<td>0</td>
<td>io.d8a.conjure.ChooseByWeightNodeListTest@379e8f17</td></tr>
<tr>
<td title='io.d8a.conjure.MinMaxNodeTypeTest.generatesAllValuesInRangeInclusive()'><b>generatesAllValuesInRangeInclusive</b><br>Test class: io.d8a.conjure.MinMaxNodeTypeTest</td>
<td></td>
<td>0</td>
<td>io.d8a.conjure.MinMaxNodeTypeTest@5d61dfb5</td></tr>
<tr>
<td title='io.d8a.conjure.ChooseByWeightNodeListTest.generatesHigherWeightedNodesMoreOften()'><b>generatesHigherWeightedNodesMoreOften</b><br>Test class: io.d8a.conjure.ChooseByWeightNodeListTest</td>
<td></td>
<td>0</td>
<td>io.d8a.conjure.ChooseByWeightNodeListTest@379e8f17</td></tr>
<tr>
<td title='io.d8a.conjure.ChooseByWeightNodeListTest.generatesLoneNodeRepeatedlyWhenOnlyOneAdded()'><b>generatesLoneNodeRepeatedlyWhenOnlyOneAdded</b><br>Test class: io.d8a.conjure.ChooseByWeightNodeListTest</td>
<td></td>
<td>0</td>
<td>io.d8a.conjure.ChooseByWeightNodeListTest@379e8f17</td></tr>
<tr>
<td title='io.d8a.conjure.ChooseRandomNodeListTest.generatesNodesFromProvidedList()'><b>generatesNodesFromProvidedList</b><br>Test class: io.d8a.conjure.ChooseRandomNodeListTest</td>
<td></td>
<td>0</td>
<td>io.d8a.conjure.ChooseRandomNodeListTest@5d3ad33d</td></tr>
<tr>
<td title='io.d8a.conjure.ChooseInOrderNodeListTest.generatesNodesInOrderAdded()'><b>generatesNodesInOrderAdded</b><br>Test class: io.d8a.conjure.ChooseInOrderNodeListTest</td>
<td></td>
<td>0</td>
<td>io.d8a.conjure.ChooseInOrderNodeListTest@ac44b88</td></tr>
<tr>
<td title='io.d8a.conjure.MinMaxNodeTypeTest.generatesNumberBetweenMinMax()'><b>generatesNumberBetweenMinMax</b><br>Test class: io.d8a.conjure.MinMaxNodeTypeTest</td>
<td></td>
<td>0</td>
<td>io.d8a.conjure.MinMaxNodeTypeTest@5d61dfb5</td></tr>
<tr>
<td title='io.d8a.conjure.DateNodeTypeTest.generatesSystemTimestamp()'><b>generatesSystemTimestamp</b><br>Test class: io.d8a.conjure.DateNodeTypeTest</td>
<td></td>
<td>0</td>
<td>io.d8a.conjure.DateNodeTypeTest@21aed5f9</td></tr>
<tr>
<td title='io.d8a.conjure.ConjureTemplateParserNodeListParsingTest.generatesValuesFromEachGroupAndCombinesWithNewlinesForEveryCall()'><b>generatesValuesFromEachGroupAndCombinesWithNewlinesForEveryCall</b><br>Test class: io.d8a.conjure.ConjureTemplateParserNodeListParsingTest</td>
<td></td>
<td>0</td>
<td>io.d8a.conjure.ConjureTemplateParserNodeListParsingTest@33d6f122</td></tr>
<tr>
<td title='io.d8a.conjure.ConjureTemplateParserFixedDataTest.ignoresBlankLines()'><b>ignoresBlankLines</b><br>Test class: io.d8a.conjure.ConjureTemplateParserFixedDataTest</td>
<td></td>
<td>0</td>
<td>io.d8a.conjure.ConjureTemplateParserFixedDataTest@97e121c</td></tr>
<tr>
<td title='io.d8a.conjure.ConjureTemplateParserFixedDataTest.ignoresHashCommentLines()'><b>ignoresHashCommentLines</b><br>Test class: io.d8a.conjure.ConjureTemplateParserFixedDataTest</td>
<td></td>
<td>0</td>
<td>io.d8a.conjure.ConjureTemplateParserFixedDataTest@97e121c</td></tr>
<tr>
<td title='io.d8a.conjure.ConjureTemplateParserVariablesTest.linesCanHaveVariablesAndStillCombinesAllEachCall()'><b>linesCanHaveVariablesAndStillCombinesAllEachCall</b><br>Test class: io.d8a.conjure.ConjureTemplateParserVariablesTest</td>
<td></td>
<td>0</td>
<td>io.d8a.conjure.ConjureTemplateParserVariablesTest@647109c4</td></tr>
<tr>
<td title='io.d8a.conjure.ConjureTemplateParserVariablesTest.minMaxRegisteredByDefault()'><b>minMaxRegisteredByDefault</b><br>Test class: io.d8a.conjure.ConjureTemplateParserVariablesTest</td>
<td></td>
<td>0</td>
<td>io.d8a.conjure.ConjureTemplateParserVariablesTest@647109c4</td></tr>
<tr>
<td title='io.d8a.conjure.ConjureTemplateParserFixedDataTest.multipleFixedLinesAllCombineEachCall()'><b>multipleFixedLinesAllCombineEachCall</b><br>Test class: io.d8a.conjure.ConjureTemplateParserFixedDataTest</td>
<td></td>
<td>0</td>
<td>io.d8a.conjure.ConjureTemplateParserFixedDataTest@97e121c</td></tr>
<tr>
<td title='io.d8a.conjure.ConjureTemplateTest.mustSpecifyRefOrType()'><b>mustSpecifyRefOrType</b><br>Test class: io.d8a.conjure.ConjureTemplateTest</td>
<td><div><pre>java.lang.IllegalArgumentException: Must specify either &apos;type&apos; or &apos;ref&apos;.
	at io.d8a.conjure.ConjureTemplate.resolveNodeFromRef(ConjureTemplate.java:155)
	at io.d8a.conjure.ConjureTemplate.compileToNodeList(ConjureTemplate.java:123)
	at io.d8a.conjure.ConjureTemplate.parseNodes(ConjureTemplate.java:48)
	at io.d8a.conjure.ConjureTemplate.addFragment(ConjureTemplate.java:44)
	at io.d8a.conjure.ConjureTemplateTest.mustSpecifyRefOrType(ConjureTemplateTest.java:198)
	at org.apache.maven.surefire.testng.TestNGExecutor.run(TestNGExecutor.java:60)
	at org.apache.maven.surefire.testng.TestNGDirectoryTestSuite.executeMulti(TestNGDirectoryTestSuite.java:153)
	at org.apache.maven.surefire.testng.TestNGDirectoryTestSuite.execute(TestNGDirectoryTestSuite.java:99)
	at org.apache.maven.surefire.testng.TestNGProvider.invoke(TestNGProvider.java:111)
	at org.apache.maven.surefire.booter.ProviderFactory$ClassLoaderProxy.invoke(ProviderFactory.java:103)
	at com.sun.proxy.$Proxy0.invoke(Unknown Source)
	at org.apache.maven.surefire.booter.SurefireStarter.invokeProvider(SurefireStarter.java:150)
	at org.apache.maven.surefire.booter.SurefireStarter.runSuitesInProcess(SurefireStarter.java:91)
	at org.apache.maven.surefire.booter.ForkedBooter.main(ForkedBooter.java:69)
... Removed 26 stack frames</pre></div><a href='#' onClick='toggleBox("stack-trace942637334", this, "Click to show all stack frames", "Click to hide stack frames")'>Click to show all stack frames</a>
<div class='stack-trace' id='stack-trace942637334'><pre>java.lang.IllegalArgumentException: Must specify either 'type' or 'ref'.
	at io.d8a.conjure.ConjureTemplate.resolveNodeFromRef(ConjureTemplate.java:155)
	at io.d8a.conjure.ConjureTemplate.compileToNodeList(ConjureTemplate.java:123)
	at io.d8a.conjure.ConjureTemplate.parseNodes(ConjureTemplate.java:48)
	at io.d8a.conjure.ConjureTemplate.addFragment(ConjureTemplate.java:44)
	at io.d8a.conjure.ConjureTemplateTest.mustSpecifyRefOrType(ConjureTemplateTest.java:198)
	at sun.reflect.NativeMethodAccessorImpl.invoke0(Native Method)
	at sun.reflect.NativeMethodAccessorImpl.invoke(NativeMethodAccessorImpl.java:39)
	at sun.reflect.DelegatingMethodAccessorImpl.invoke(DelegatingMethodAccessorImpl.java:25)
	at java.lang.reflect.Method.invoke(Method.java:597)
	at org.testng.internal.MethodInvocationHelper.invokeMethod(MethodInvocationHelper.java:80)
	at org.testng.internal.Invoker.invokeMethod(Invoker.java:673)
	at org.testng.internal.Invoker.invokeTestMethod(Invoker.java:842)
	at org.testng.internal.Invoker.invokeTestMethods(Invoker.java:1166)
	at org.testng.internal.TestMethodWorker.invokeTestMethods(TestMethodWorker.java:125)
	at org.testng.internal.TestMethodWorker.run(TestMethodWorker.java:109)
	at org.testng.TestRunner.runWorkers(TestRunner.java:1178)
	at org.testng.TestRunner.privateRun(TestRunner.java:757)
	at org.testng.TestRunner.run(TestRunner.java:608)
	at org.testng.SuiteRunner.runTest(SuiteRunner.java:334)
	at org.testng.SuiteRunner.runSequentially(SuiteRunner.java:329)
	at org.testng.SuiteRunner.privateRun(SuiteRunner.java:291)
	at org.testng.SuiteRunner.run(SuiteRunner.java:240)
	at org.testng.SuiteRunnerWorker.runSuite(SuiteRunnerWorker.java:52)
	at org.testng.SuiteRunnerWorker.run(SuiteRunnerWorker.java:86)
	at org.testng.TestNG.runSuitesSequentially(TestNG.java:1158)
	at org.testng.TestNG.runSuitesLocally(TestNG.java:1083)
	at org.testng.TestNG.run(TestNG.java:999)
	at org.apache.maven.surefire.testng.TestNGExecutor.run(TestNGExecutor.java:60)
	at org.apache.maven.surefire.testng.TestNGDirectoryTestSuite.executeMulti(TestNGDirectoryTestSuite.java:153)
	at org.apache.maven.surefire.testng.TestNGDirectoryTestSuite.execute(TestNGDirectoryTestSuite.java:99)
	at org.apache.maven.surefire.testng.TestNGProvider.invoke(TestNGProvider.java:111)
	at sun.reflect.NativeMethodAccessorImpl.invoke0(Native Method)
	at sun.reflect.NativeMethodAccessorImpl.invoke(NativeMethodAccessorImpl.java:39)
	at sun.reflect.DelegatingMethodAccessorImpl.invoke(DelegatingMethodAccessorImpl.java:25)
	at java.lang.reflect.Method.invoke(Method.java:597)
	at org.apache.maven.surefire.booter.ProviderFactory$ClassLoaderProxy.invoke(ProviderFactory.java:103)
	at com.sun.proxy.$Proxy0.invoke(Unknown Source)
	at org.apache.maven.surefire.booter.SurefireStarter.invokeProvider(SurefireStarter.java:150)
	at org.apache.maven.surefire.booter.SurefireStarter.runSuitesInProcess(SurefireStarter.java:91)
	at org.apache.maven.surefire.booter.ForkedBooter.main(ForkedBooter.java:69)
</pre></div></td>
<td>0</td>
<td>io.d8a.conjure.ConjureTemplateTest@39385660</td></tr>
<tr>
<td title='io.d8a.conjure.ChooseByWeightNodeListTest.nodeDistributionReflectsWeights()'><b>nodeDistributionReflectsWeights</b><br>Test class: io.d8a.conjure.ChooseByWeightNodeListTest</td>
<td></td>
<td>0</td>
<td>io.d8a.conjure.ChooseByWeightNodeListTest@379e8f17</td></tr>
<tr>
<td title='io.d8a.conjure.ChooseByWeightNodeListTest.nodesOfDifferentWeightsCanBeAddedInAnyOrder()'><b>nodesOfDifferentWeightsCanBeAddedInAnyOrder</b><br>Test class: io.d8a.conjure.ChooseByWeightNodeListTest</td>
<td></td>
<td>0</td>
<td>io.d8a.conjure.ChooseByWeightNodeListTest@379e8f17</td></tr>
<tr>
<td title='io.d8a.conjure.ChooseByWeightNodeListTest.nodesOfSameWeightsCanBeAddedInAnyOrder()'><b>nodesOfSameWeightsCanBeAddedInAnyOrder</b><br>Test class: io.d8a.conjure.ChooseByWeightNodeListTest</td>
<td></td>
<td>0</td>
<td>io.d8a.conjure.ChooseByWeightNodeListTest@379e8f17</td></tr>
<tr>
<td title='io.d8a.conjure.ConjureTemplateParserNodeListParsingTest.parsesNodeListLines()'><b>parsesNodeListLines</b><br>Test class: io.d8a.conjure.ConjureTemplateParserNodeListParsingTest</td>
<td></td>
<td>0</td>
<td>io.d8a.conjure.ConjureTemplateParserNodeListParsingTest@33d6f122</td></tr>
<tr>
<td title='io.d8a.conjure.ConjureTemplateParserVariablesTest.randomChoiceRegisteredByDefault()'><b>randomChoiceRegisteredByDefault</b><br>Test class: io.d8a.conjure.ConjureTemplateParserVariablesTest</td>
<td></td>
<td>0</td>
<td>io.d8a.conjure.ConjureTemplateParserVariablesTest@647109c4</td></tr>
<tr>
<td title='io.d8a.conjure.ConjureTemplateTest.refIgnoredIfTypeDetailsSpecified()'><b>refIgnoredIfTypeDetailsSpecified</b><br>Test class: io.d8a.conjure.ConjureTemplateTest</td>
<td></td>
<td>0</td>
<td>io.d8a.conjure.ConjureTemplateTest@39385660</td></tr>
<tr>
<td title='io.d8a.conjure.ConjureTemplateTest.referencedValuesAreRememberedByDefaultWithinSingleRun()'><b>referencedValuesAreRememberedByDefaultWithinSingleRun</b><br>Test class: io.d8a.conjure.ConjureTemplateTest</td>
<td></td>
<td>0</td>
<td>io.d8a.conjure.ConjureTemplateTest@39385660</td></tr>
<tr>
<td title='io.d8a.conjure.ConjureTemplateTest.referencedValuesCanBeConfiguredToNotRememberValues()'><b>referencedValuesCanBeConfiguredToNotRememberValues</b><br>Test class: io.d8a.conjure.ConjureTemplateTest</td>
<td></td>
<td>0</td>
<td>io.d8a.conjure.ConjureTemplateTest@39385660</td></tr>
<tr>
<td title='io.d8a.conjure.ConjureTemplateTest.registersEmbeddedNodesWhenParsed()'><b>registersEmbeddedNodesWhenParsed</b><br>Test class: io.d8a.conjure.ConjureTemplateTest<br>Test method: Want to eventually refactor around so the embedded nodes don't get registered as a side-effect.</td>
<td></td>
<td>0</td>
<td>io.d8a.conjure.ConjureTemplateTest@39385660</td></tr>
<tr>
<td title='io.d8a.conjure.ConjureTemplateTest.rejectsDuplicateSampleNames()'><b>rejectsDuplicateSampleNames</b><br>Test class: io.d8a.conjure.ConjureTemplateTest</td>
<td><div><pre>java.lang.IllegalArgumentException: Node &apos;sample&apos; already added to this generator.
	at io.d8a.conjure.ConjureTemplate.addNode(ConjureTemplate.java:78)
	at io.d8a.conjure.ConjureTemplate.addFragment(ConjureTemplate.java:44)
	at io.d8a.conjure.ConjureTemplateTest.rejectsDuplicateSampleNames(ConjureTemplateTest.java:99)
	at org.apache.maven.surefire.testng.TestNGExecutor.run(TestNGExecutor.java:60)
	at org.apache.maven.surefire.testng.TestNGDirectoryTestSuite.executeMulti(TestNGDirectoryTestSuite.java:153)
	at org.apache.maven.surefire.testng.TestNGDirectoryTestSuite.execute(TestNGDirectoryTestSuite.java:99)
	at org.apache.maven.surefire.testng.TestNGProvider.invoke(TestNGProvider.java:111)
	at org.apache.maven.surefire.booter.ProviderFactory$ClassLoaderProxy.invoke(ProviderFactory.java:103)
	at com.sun.proxy.$Proxy0.invoke(Unknown Source)
	at org.apache.maven.surefire.booter.SurefireStarter.invokeProvider(SurefireStarter.java:150)
	at org.apache.maven.surefire.booter.SurefireStarter.runSuitesInProcess(SurefireStarter.java:91)
	at org.apache.maven.surefire.booter.ForkedBooter.main(ForkedBooter.java:69)
... Removed 26 stack frames</pre></div><a href='#' onClick='toggleBox("stack-trace278426007", this, "Click to show all stack frames", "Click to hide stack frames")'>Click to show all stack frames</a>
<div class='stack-trace' id='stack-trace278426007'><pre>java.lang.IllegalArgumentException: Node 'sample' already added to this generator.
	at io.d8a.conjure.ConjureTemplate.addNode(ConjureTemplate.java:78)
	at io.d8a.conjure.ConjureTemplate.addFragment(ConjureTemplate.java:44)
	at io.d8a.conjure.ConjureTemplateTest.rejectsDuplicateSampleNames(ConjureTemplateTest.java:99)
	at sun.reflect.NativeMethodAccessorImpl.invoke0(Native Method)
	at sun.reflect.NativeMethodAccessorImpl.invoke(NativeMethodAccessorImpl.java:39)
	at sun.reflect.DelegatingMethodAccessorImpl.invoke(DelegatingMethodAccessorImpl.java:25)
	at java.lang.reflect.Method.invoke(Method.java:597)
	at org.testng.internal.MethodInvocationHelper.invokeMethod(MethodInvocationHelper.java:80)
	at org.testng.internal.Invoker.invokeMethod(Invoker.java:673)
	at org.testng.internal.Invoker.invokeTestMethod(Invoker.java:842)
	at org.testng.internal.Invoker.invokeTestMethods(Invoker.java:1166)
	at org.testng.internal.TestMethodWorker.invokeTestMethods(TestMethodWorker.java:125)
	at org.testng.internal.TestMethodWorker.run(TestMethodWorker.java:109)
	at org.testng.TestRunner.runWorkers(TestRunner.java:1178)
	at org.testng.TestRunner.privateRun(TestRunner.java:757)
	at org.testng.TestRunner.run(TestRunner.java:608)
	at org.testng.SuiteRunner.runTest(SuiteRunner.java:334)
	at org.testng.SuiteRunner.runSequentially(SuiteRunner.java:329)
	at org.testng.SuiteRunner.privateRun(SuiteRunner.java:291)
	at org.testng.SuiteRunner.run(SuiteRunner.java:240)
	at org.testng.SuiteRunnerWorker.runSuite(SuiteRunnerWorker.java:52)
	at org.testng.SuiteRunnerWorker.run(SuiteRunnerWorker.java:86)
	at org.testng.TestNG.runSuitesSequentially(TestNG.java:1158)
	at org.testng.TestNG.runSuitesLocally(TestNG.java:1083)
	at org.testng.TestNG.run(TestNG.java:999)
	at org.apache.maven.surefire.testng.TestNGExecutor.run(TestNGExecutor.java:60)
	at org.apache.maven.surefire.testng.TestNGDirectoryTestSuite.executeMulti(TestNGDirectoryTestSuite.java:153)
	at org.apache.maven.surefire.testng.TestNGDirectoryTestSuite.execute(TestNGDirectoryTestSuite.java:99)
	at org.apache.maven.surefire.testng.TestNGProvider.invoke(TestNGProvider.java:111)
	at sun.reflect.NativeMethodAccessorImpl.invoke0(Native Method)
	at sun.reflect.NativeMethodAccessorImpl.invoke(NativeMethodAccessorImpl.java:39)
	at sun.reflect.DelegatingMethodAccessorImpl.invoke(DelegatingMethodAccessorImpl.java:25)
	at java.lang.reflect.Method.invoke(Method.java:597)
	at org.apache.maven.surefire.booter.ProviderFactory$ClassLoaderProxy.invoke(ProviderFactory.java:103)
	at com.sun.proxy.$Proxy0.invoke(Unknown Source)
	at org.apache.maven.surefire.booter.SurefireStarter.invokeProvider(SurefireStarter.java:150)
	at org.apache.maven.surefire.booter.SurefireStarter.runSuitesInProcess(SurefireStarter.java:91)
	at org.apache.maven.surefire.booter.ForkedBooter.main(ForkedBooter.java:69)
</pre></div></td>
<td>0</td>
<td>io.d8a.conjure.ConjureTemplateTest@39385660</td></tr>
<tr>
<td title='io.d8a.conjure.ChooseRandomNodeListTest.repeatsValuesOverTime()'><b>repeatsValuesOverTime</b><br>Test class: io.d8a.conjure.ChooseRandomNodeListTest</td>
<td></td>
<td>0</td>
<td>io.d8a.conjure.ChooseRandomNodeListTest@5d3ad33d</td></tr>
<tr>
<td title='io.d8a.conjure.ConjureTemplateTest.setsTheFullTemplateToCustomNodeWhenTemplateContainsTheConfigOnly()'><b>setsTheFullTemplateToCustomNodeWhenTemplateContainsTheConfigOnly</b><br>Test class: io.d8a.conjure.ConjureTemplateTest</td>
<td></td>
<td>0</td>
<td>io.d8a.conjure.ConjureTemplateTest@39385660</td></tr>
<tr>
<td title='io.d8a.conjure.ConjureTemplateTest.shouldReturnBareValueForTemplatesWithoutReferences()'><b>shouldReturnBareValueForTemplatesWithoutReferences</b><br>Test class: io.d8a.conjure.ConjureTemplateTest</td>
<td></td>
<td>0</td>
<td>io.d8a.conjure.ConjureTemplateTest@39385660</td></tr>
<tr>
<td title='io.d8a.conjure.ConjureTemplateParserFixedDataTest.singleFixedLineRepeats()'><b>singleFixedLineRepeats</b><br>Test class: io.d8a.conjure.ConjureTemplateParserFixedDataTest</td>
<td></td>
<td>0</td>
<td>io.d8a.conjure.ConjureTemplateParserFixedDataTest@97e121c</td></tr>
<tr>
<td title='io.d8a.conjure.ConjureTemplateParserNodeListParsingTest.stopsParsingNodeListAfterBlankLine()'><b>stopsParsingNodeListAfterBlankLine</b><br>Test class: io.d8a.conjure.ConjureTemplateParserNodeListParsingTest</td>
<td></td>
<td>0</td>
<td>io.d8a.conjure.ConjureTemplateParserNodeListParsingTest@33d6f122</td></tr>
<tr>
<td title='io.d8a.conjure.ConjureTemplateParserVariablesTest.succeedsForFullyQualifiedTypes()'><b>succeedsForFullyQualifiedTypes</b><br>Test class: io.d8a.conjure.ConjureTemplateParserVariablesTest</td>
<td></td>
<td>0</td>
<td>io.d8a.conjure.ConjureTemplateParserVariablesTest@647109c4</td></tr>
<tr>
<td title='io.d8a.conjure.ConjureTemplateTest.supportsCustomRefDelimiters()'><b>supportsCustomRefDelimiters</b><br>Test class: io.d8a.conjure.ConjureTemplateTest</td>
<td></td>
<td>0</td>
<td>io.d8a.conjure.ConjureTemplateTest@39385660</td></tr>
<tr>
<td title='io.d8a.conjure.ConjureTemplateTest.templateReferencesCanBeAtTheBeginningOfTemplates()'><b>templateReferencesCanBeAtTheBeginningOfTemplates</b><br>Test class: io.d8a.conjure.ConjureTemplateTest</td>
<td></td>
<td>0</td>
<td>io.d8a.conjure.ConjureTemplateTest@39385660</td></tr>
<tr>
<td title='io.d8a.conjure.ConjureTemplateTest.templateReferencesCanBeAtTheEndOfTemplates()'><b>templateReferencesCanBeAtTheEndOfTemplates</b><br>Test class: io.d8a.conjure.ConjureTemplateTest</td>
<td></td>
<td>0</td>
<td>io.d8a.conjure.ConjureTemplateTest@39385660</td></tr>
<tr>
<td title='io.d8a.conjure.ConjureTemplateTest.templateReferencesCanBeTheWholeTemplate()'><b>templateReferencesCanBeTheWholeTemplate</b><br>Test class: io.d8a.conjure.ConjureTemplateTest</td>
<td></td>
<td>0</td>
<td>io.d8a.conjure.ConjureTemplateTest@39385660</td></tr>
<tr>
<td title='io.d8a.conjure.ConjureTemplateTest.templateRefsCanBeLongHand()'><b>templateRefsCanBeLongHand</b><br>Test class: io.d8a.conjure.ConjureTemplateTest</td>
<td></td>
<td>0</td>
<td>io.d8a.conjure.ConjureTemplateTest@39385660</td></tr>
<tr>
<td title='io.d8a.conjure.MinMaxNodeTypeTest.templatesFailWhenAddedWithoutMax()'><b>templatesFailWhenAddedWithoutMax</b><br>Test class: io.d8a.conjure.MinMaxNodeTypeTest</td>
<td><div><pre>java.lang.IllegalStateException: Problem creating the &apos;minmax&apos; node.
	at io.d8a.conjure.ConjureTemplate.createNodeFromMethod(ConjureTemplate.java:193)
	at io.d8a.conjure.ConjureTemplate.resolveNodeFromRef(ConjureTemplate.java:151)
	at io.d8a.conjure.ConjureTemplate.compileToNodeList(ConjureTemplate.java:123)
	at io.d8a.conjure.ConjureTemplate.parseNodes(ConjureTemplate.java:48)
	at io.d8a.conjure.ConjureTemplate.addFragment(ConjureTemplate.java:44)
	at io.d8a.conjure.MinMaxNodeTypeTest.templatesFailWhenAddedWithoutMax(MinMaxNodeTypeTest.java:97)
	at org.apache.maven.surefire.testng.TestNGExecutor.run(TestNGExecutor.java:60)
	at org.apache.maven.surefire.testng.TestNGDirectoryTestSuite.executeMulti(TestNGDirectoryTestSuite.java:153)
	at org.apache.maven.surefire.testng.TestNGDirectoryTestSuite.execute(TestNGDirectoryTestSuite.java:99)
	at org.apache.maven.surefire.testng.TestNGProvider.invoke(TestNGProvider.java:111)
	at org.apache.maven.surefire.booter.ProviderFactory$ClassLoaderProxy.invoke(ProviderFactory.java:103)
	at com.sun.proxy.$Proxy0.invoke(Unknown Source)
	at org.apache.maven.surefire.booter.SurefireStarter.invokeProvider(SurefireStarter.java:150)
	at org.apache.maven.surefire.booter.SurefireStarter.runSuitesInProcess(SurefireStarter.java:91)
	at org.apache.maven.surefire.booter.ForkedBooter.main(ForkedBooter.java:69)
	at io.d8a.conjure.ConjureTemplate.createNodeFromMethod(ConjureTemplate.java:191)
	... 40 more
Caused by: java.lang.IllegalArgumentException: Both min and max must be specified.
	at io.d8a.conjure.MinMaxNode.createNode(MinMaxNode.java:25)
	... 45 more
... Removed 31 stack frames</pre></div><a href='#' onClick='toggleBox("stack-trace1812245295", this, "Click to show all stack frames", "Click to hide stack frames")'>Click to show all stack frames</a>
<div class='stack-trace' id='stack-trace1812245295'><pre>java.lang.IllegalStateException: Problem creating the 'minmax' node.
	at io.d8a.conjure.ConjureTemplate.createNodeFromMethod(ConjureTemplate.java:193)
	at io.d8a.conjure.ConjureTemplate.resolveNodeFromRef(ConjureTemplate.java:151)
	at io.d8a.conjure.ConjureTemplate.compileToNodeList(ConjureTemplate.java:123)
	at io.d8a.conjure.ConjureTemplate.parseNodes(ConjureTemplate.java:48)
	at io.d8a.conjure.ConjureTemplate.addFragment(ConjureTemplate.java:44)
	at io.d8a.conjure.MinMaxNodeTypeTest.templatesFailWhenAddedWithoutMax(MinMaxNodeTypeTest.java:97)
	at sun.reflect.NativeMethodAccessorImpl.invoke0(Native Method)
	at sun.reflect.NativeMethodAccessorImpl.invoke(NativeMethodAccessorImpl.java:39)
	at sun.reflect.DelegatingMethodAccessorImpl.invoke(DelegatingMethodAccessorImpl.java:25)
	at java.lang.reflect.Method.invoke(Method.java:597)
	at org.testng.internal.MethodInvocationHelper.invokeMethod(MethodInvocationHelper.java:80)
	at org.testng.internal.Invoker.invokeMethod(Invoker.java:673)
	at org.testng.internal.Invoker.invokeTestMethod(Invoker.java:842)
	at org.testng.internal.Invoker.invokeTestMethods(Invoker.java:1166)
	at org.testng.internal.TestMethodWorker.invokeTestMethods(TestMethodWorker.java:125)
	at org.testng.internal.TestMethodWorker.run(TestMethodWorker.java:109)
	at org.testng.TestRunner.runWorkers(TestRunner.java:1178)
	at org.testng.TestRunner.privateRun(TestRunner.java:757)
	at org.testng.TestRunner.run(TestRunner.java:608)
	at org.testng.SuiteRunner.runTest(SuiteRunner.java:334)
	at org.testng.SuiteRunner.runSequentially(SuiteRunner.java:329)
	at org.testng.SuiteRunner.privateRun(SuiteRunner.java:291)
	at org.testng.SuiteRunner.run(SuiteRunner.java:240)
	at org.testng.SuiteRunnerWorker.runSuite(SuiteRunnerWorker.java:52)
	at org.testng.SuiteRunnerWorker.run(SuiteRunnerWorker.java:86)
	at org.testng.TestNG.runSuitesSequentially(TestNG.java:1158)
	at org.testng.TestNG.runSuitesLocally(TestNG.java:1083)
	at org.testng.TestNG.run(TestNG.java:999)
	at org.apache.maven.surefire.testng.TestNGExecutor.run(TestNGExecutor.java:60)
	at org.apache.maven.surefire.testng.TestNGDirectoryTestSuite.executeMulti(TestNGDirectoryTestSuite.java:153)
	at org.apache.maven.surefire.testng.TestNGDirectoryTestSuite.execute(TestNGDirectoryTestSuite.java:99)
	at org.apache.maven.surefire.testng.TestNGProvider.invoke(TestNGProvider.java:111)
	at sun.reflect.NativeMethodAccessorImpl.invoke0(Native Method)
	at sun.reflect.NativeMethodAccessorImpl.invoke(NativeMethodAccessorImpl.java:39)
	at sun.reflect.DelegatingMethodAccessorImpl.invoke(DelegatingMethodAccessorImpl.java:25)
	at java.lang.reflect.Method.invoke(Method.java:597)
	at org.apache.maven.surefire.booter.ProviderFactory$ClassLoaderProxy.invoke(ProviderFactory.java:103)
	at com.sun.proxy.$Proxy0.invoke(Unknown Source)
	at org.apache.maven.surefire.booter.SurefireStarter.invokeProvider(SurefireStarter.java:150)
	at org.apache.maven.surefire.booter.SurefireStarter.runSuitesInProcess(SurefireStarter.java:91)
	at org.apache.maven.surefire.booter.ForkedBooter.main(ForkedBooter.java:69)
Caused by: java.lang.reflect.InvocationTargetException
	at sun.reflect.NativeMethodAccessorImpl.invoke0(Native Method)
	at sun.reflect.NativeMethodAccessorImpl.invoke(NativeMethodAccessorImpl.java:39)
	at sun.reflect.DelegatingMethodAccessorImpl.invoke(DelegatingMethodAccessorImpl.java:25)
	at java.lang.reflect.Method.invoke(Method.java:597)
	at io.d8a.conjure.ConjureTemplate.createNodeFromMethod(ConjureTemplate.java:191)
	... 40 more
Caused by: java.lang.IllegalArgumentException: Both min and max must be specified.
	at io.d8a.conjure.MinMaxNode.createNode(MinMaxNode.java:25)
	... 45 more
</pre></div></td>
<td>0</td>
<td>io.d8a.conjure.MinMaxNodeTypeTest@5d61dfb5</td></tr>
<tr>
<td title='io.d8a.conjure.MinMaxNodeTypeTest.templatesFailWhenAddedWithoutMin()'><b>templatesFailWhenAddedWithoutMin</b><br>Test class: io.d8a.conjure.MinMaxNodeTypeTest</td>
<td><div><pre>java.lang.IllegalStateException: Problem creating the &apos;minmax&apos; node.
	at io.d8a.conjure.ConjureTemplate.createNodeFromMethod(ConjureTemplate.java:193)
	at io.d8a.conjure.ConjureTemplate.resolveNodeFromRef(ConjureTemplate.java:151)
	at io.d8a.conjure.ConjureTemplate.compileToNodeList(ConjureTemplate.java:123)
	at io.d8a.conjure.ConjureTemplate.parseNodes(ConjureTemplate.java:48)
	at io.d8a.conjure.ConjureTemplate.addFragment(ConjureTemplate.java:44)
	at io.d8a.conjure.MinMaxNodeTypeTest.templatesFailWhenAddedWithoutMin(MinMaxNodeTypeTest.java:85)
	at org.apache.maven.surefire.testng.TestNGExecutor.run(TestNGExecutor.java:60)
	at org.apache.maven.surefire.testng.TestNGDirectoryTestSuite.executeMulti(TestNGDirectoryTestSuite.java:153)
	at org.apache.maven.surefire.testng.TestNGDirectoryTestSuite.execute(TestNGDirectoryTestSuite.java:99)
	at org.apache.maven.surefire.testng.TestNGProvider.invoke(TestNGProvider.java:111)
	at org.apache.maven.surefire.booter.ProviderFactory$ClassLoaderProxy.invoke(ProviderFactory.java:103)
	at com.sun.proxy.$Proxy0.invoke(Unknown Source)
	at org.apache.maven.surefire.booter.SurefireStarter.invokeProvider(SurefireStarter.java:150)
	at org.apache.maven.surefire.booter.SurefireStarter.runSuitesInProcess(SurefireStarter.java:91)
	at org.apache.maven.surefire.booter.ForkedBooter.main(ForkedBooter.java:69)
	at io.d8a.conjure.ConjureTemplate.createNodeFromMethod(ConjureTemplate.java:191)
	... 40 more
Caused by: java.lang.IllegalArgumentException: Both min and max must be specified.
	at io.d8a.conjure.MinMaxNode.createNode(MinMaxNode.java:25)
	... 45 more
... Removed 31 stack frames</pre></div><a href='#' onClick='toggleBox("stack-trace1454189616", this, "Click to show all stack frames", "Click to hide stack frames")'>Click to show all stack frames</a>
<div class='stack-trace' id='stack-trace1454189616'><pre>java.lang.IllegalStateException: Problem creating the 'minmax' node.
	at io.d8a.conjure.ConjureTemplate.createNodeFromMethod(ConjureTemplate.java:193)
	at io.d8a.conjure.ConjureTemplate.resolveNodeFromRef(ConjureTemplate.java:151)
	at io.d8a.conjure.ConjureTemplate.compileToNodeList(ConjureTemplate.java:123)
	at io.d8a.conjure.ConjureTemplate.parseNodes(ConjureTemplate.java:48)
	at io.d8a.conjure.ConjureTemplate.addFragment(ConjureTemplate.java:44)
	at io.d8a.conjure.MinMaxNodeTypeTest.templatesFailWhenAddedWithoutMin(MinMaxNodeTypeTest.java:85)
	at sun.reflect.NativeMethodAccessorImpl.invoke0(Native Method)
	at sun.reflect.NativeMethodAccessorImpl.invoke(NativeMethodAccessorImpl.java:39)
	at sun.reflect.DelegatingMethodAccessorImpl.invoke(DelegatingMethodAccessorImpl.java:25)
	at java.lang.reflect.Method.invoke(Method.java:597)
	at org.testng.internal.MethodInvocationHelper.invokeMethod(MethodInvocationHelper.java:80)
	at org.testng.internal.Invoker.invokeMethod(Invoker.java:673)
	at org.testng.internal.Invoker.invokeTestMethod(Invoker.java:842)
	at org.testng.internal.Invoker.invokeTestMethods(Invoker.java:1166)
	at org.testng.internal.TestMethodWorker.invokeTestMethods(TestMethodWorker.java:125)
	at org.testng.internal.TestMethodWorker.run(TestMethodWorker.java:109)
	at org.testng.TestRunner.runWorkers(TestRunner.java:1178)
	at org.testng.TestRunner.privateRun(TestRunner.java:757)
	at org.testng.TestRunner.run(TestRunner.java:608)
	at org.testng.SuiteRunner.runTest(SuiteRunner.java:334)
	at org.testng.SuiteRunner.runSequentially(SuiteRunner.java:329)
	at org.testng.SuiteRunner.privateRun(SuiteRunner.java:291)
	at org.testng.SuiteRunner.run(SuiteRunner.java:240)
	at org.testng.SuiteRunnerWorker.runSuite(SuiteRunnerWorker.java:52)
	at org.testng.SuiteRunnerWorker.run(SuiteRunnerWorker.java:86)
	at org.testng.TestNG.runSuitesSequentially(TestNG.java:1158)
	at org.testng.TestNG.runSuitesLocally(TestNG.java:1083)
	at org.testng.TestNG.run(TestNG.java:999)
	at org.apache.maven.surefire.testng.TestNGExecutor.run(TestNGExecutor.java:60)
	at org.apache.maven.surefire.testng.TestNGDirectoryTestSuite.executeMulti(TestNGDirectoryTestSuite.java:153)
	at org.apache.maven.surefire.testng.TestNGDirectoryTestSuite.execute(TestNGDirectoryTestSuite.java:99)
	at org.apache.maven.surefire.testng.TestNGProvider.invoke(TestNGProvider.java:111)
	at sun.reflect.NativeMethodAccessorImpl.invoke0(Native Method)
	at sun.reflect.NativeMethodAccessorImpl.invoke(NativeMethodAccessorImpl.java:39)
	at sun.reflect.DelegatingMethodAccessorImpl.invoke(DelegatingMethodAccessorImpl.java:25)
	at java.lang.reflect.Method.invoke(Method.java:597)
	at org.apache.maven.surefire.booter.ProviderFactory$ClassLoaderProxy.invoke(ProviderFactory.java:103)
	at com.sun.proxy.$Proxy0.invoke(Unknown Source)
	at org.apache.maven.surefire.booter.SurefireStarter.invokeProvider(SurefireStarter.java:150)
	at org.apache.maven.surefire.booter.SurefireStarter.runSuitesInProcess(SurefireStarter.java:91)
	at org.apache.maven.surefire.booter.ForkedBooter.main(ForkedBooter.java:69)
Caused by: java.lang.reflect.InvocationTargetException
	at sun.reflect.NativeMethodAccessorImpl.invoke0(Native Method)
	at sun.reflect.NativeMethodAccessorImpl.invoke(NativeMethodAccessorImpl.java:39)
	at sun.reflect.DelegatingMethodAccessorImpl.invoke(DelegatingMethodAccessorImpl.java:25)
	at java.lang.reflect.Method.invoke(Method.java:597)
	at io.d8a.conjure.ConjureTemplate.createNodeFromMethod(ConjureTemplate.java:191)
	... 40 more
Caused by: java.lang.IllegalArgumentException: Both min and max must be specified.
	at io.d8a.conjure.MinMaxNode.createNode(MinMaxNode.java:25)
	... 45 more
</pre></div></td>
<td>0</td>
<td>io.d8a.conjure.MinMaxNodeTypeTest@5d61dfb5</td></tr>
<tr>
<td title='io.d8a.conjure.ConjureTemplateParserVariablesTest.timeRegisteredByDefault()'><b>timeRegisteredByDefault</b><br>Test class: io.d8a.conjure.ConjureTemplateParserVariablesTest</td>
<td></td>
<td>0</td>
<td>io.d8a.conjure.ConjureTemplateParserVariablesTest@647109c4</td></tr>
<tr>
<td title='io.d8a.conjure.DateNodeTypeTest.usesClockFromSampleGenerator()'><b>usesClockFromSampleGenerator</b><br>Test class: io.d8a.conjure.DateNodeTypeTest</td>
<td></td>
<td>0</td>
<td>io.d8a.conjure.DateNodeTypeTest@21aed5f9</td></tr>
<tr>
<td title='io.d8a.conjure.ConjureTemplateParserVariablesTest.weightedRegisteredByDefault()'><b>weightedRegisteredByDefault</b><br>Test class: io.d8a.conjure.ConjureTemplateParserVariablesTest</td>
<td></td>
<td>0</td>
<td>io.d8a.conjure.ConjureTemplateParserVariablesTest@647109c4</td></tr>
<tr>
<td title='io.d8a.conjure.ChooseByWeightNodeListTest.weightsCanSumToMoreThan100()'><b>weightsCanSumToMoreThan100</b><br>Test class: io.d8a.conjure.ChooseByWeightNodeListTest</td>
<td></td>
<td>0</td>
<td>io.d8a.conjure.ChooseByWeightNodeListTest@379e8f17</td></tr>
</table><p>
</body>
</html>